{"/Users/DB/Documents/SPRINGBOARD/music-club/mc-backend/app.js": {"path":"/Users/DB/Documents/SPRINGBOARD/music-club/mc-backend/app.js","statementMap":{"0":{"start":{"line":1,"column":16},"end":{"line":1,"column":34}},"1":{"start":{"line":2,"column":15},"end":{"line":2,"column":32}},"2":{"start":{"line":3,"column":21},"end":{"line":3,"column":45}},"3":{"start":{"line":5,"column":19},"end":{"line":5,"column":44}},"4":{"start":{"line":6,"column":19},"end":{"line":6,"column":44}},"5":{"start":{"line":7,"column":19},"end":{"line":7,"column":44}},"6":{"start":{"line":8,"column":30},"end":{"line":8,"column":58}},"7":{"start":{"line":10,"column":12},"end":{"line":10,"column":21}},"8":{"start":{"line":13,"column":0},"end":{"line":13,"column":24}},"9":{"start":{"line":14,"column":0},"end":{"line":14,"column":24}},"10":{"start":{"line":15,"column":0},"end":{"line":15,"column":24}},"11":{"start":{"line":18,"column":0},"end":{"line":18,"column":27}},"12":{"start":{"line":21,"column":0},"end":{"line":21,"column":30}},"13":{"start":{"line":22,"column":0},"end":{"line":22,"column":30}},"14":{"start":{"line":23,"column":0},"end":{"line":23,"column":30}},"15":{"start":{"line":26,"column":0},"end":{"line":37,"column":3}},"16":{"start":{"line":27,"column":2},"end":{"line":27,"column":64}},"17":{"start":{"line":27,"column":39},"end":{"line":27,"column":64}},"18":{"start":{"line":28,"column":17},"end":{"line":28,"column":34}},"19":{"start":{"line":29,"column":16},"end":{"line":29,"column":27}},"20":{"start":{"line":30,"column":2},"end":{"line":32,"column":3}},"21":{"start":{"line":31,"column":4},"end":{"line":31,"column":33}},"22":{"start":{"line":34,"column":2},"end":{"line":36,"column":5}},"23":{"start":{"line":39,"column":0},"end":{"line":39,"column":21}}},"fnMap":{"0":{"name":"(anonymous_0)","decl":{"start":{"line":26,"column":8},"end":{"line":26,"column":9}},"loc":{"start":{"line":26,"column":39},"end":{"line":37,"column":1}},"line":26}},"branchMap":{"0":{"loc":{"start":{"line":27,"column":2},"end":{"line":27,"column":64}},"type":"if","locations":[{"start":{"line":27,"column":2},"end":{"line":27,"column":64}},{"start":{"line":27,"column":2},"end":{"line":27,"column":64}}],"line":27},"1":{"loc":{"start":{"line":28,"column":17},"end":{"line":28,"column":34}},"type":"binary-expr","locations":[{"start":{"line":28,"column":17},"end":{"line":28,"column":27}},{"start":{"line":28,"column":31},"end":{"line":28,"column":34}}],"line":28},"2":{"loc":{"start":{"line":30,"column":2},"end":{"line":32,"column":3}},"type":"if","locations":[{"start":{"line":30,"column":2},"end":{"line":32,"column":3}},{"start":{"line":30,"column":2},"end":{"line":32,"column":3}}],"line":30}},"s":{"0":2,"1":2,"2":2,"3":2,"4":2,"5":2,"6":2,"7":2,"8":2,"9":2,"10":2,"11":2,"12":2,"13":2,"14":2,"15":2,"16":40,"17":0,"18":40,"19":40,"20":40,"21":18,"22":40,"23":2},"f":{"0":40},"b":{"0":[0,40],"1":[40,0],"2":[18,22]},"_coverageSchema":"1a1c01bbd47fc00a2c39e90264f33305004495a9","hash":"a7ca96e645c98f28f4e0f8417ab50a9eaa203bf5"}
,"/Users/DB/Documents/SPRINGBOARD/music-club/mc-backend/config.js": {"path":"/Users/DB/Documents/SPRINGBOARD/music-club/mc-backend/config.js","statementMap":{"0":{"start":{"line":1,"column":0},"end":{"line":1,"column":27}},"1":{"start":{"line":4,"column":13},"end":{"line":4,"column":17}},"2":{"start":{"line":7,"column":19},"end":{"line":7,"column":59}},"3":{"start":{"line":10,"column":27},"end":{"line":10,"column":67}},"4":{"start":{"line":13,"column":2},"end":{"line":15,"column":49}},"5":{"start":{"line":19,"column":22},"end":{"line":19,"column":30}},"6":{"start":{"line":24,"column":27},"end":{"line":24,"column":57}},"7":{"start":{"line":25,"column":29},"end":{"line":25,"column":61}},"8":{"start":{"line":27,"column":0},"end":{"line":35,"column":2}}},"fnMap":{"0":{"name":"getDatabaseUri","decl":{"start":{"line":12,"column":9},"end":{"line":12,"column":23}},"loc":{"start":{"line":12,"column":26},"end":{"line":16,"column":1}},"line":12}},"branchMap":{"0":{"loc":{"start":{"line":7,"column":19},"end":{"line":7,"column":59}},"type":"binary-expr","locations":[{"start":{"line":7,"column":19},"end":{"line":7,"column":41}},{"start":{"line":7,"column":45},"end":{"line":7,"column":59}}],"line":7},"1":{"loc":{"start":{"line":10,"column":27},"end":{"line":10,"column":67}},"type":"cond-expr","locations":[{"start":{"line":10,"column":61},"end":{"line":10,"column":62}},{"start":{"line":10,"column":65},"end":{"line":10,"column":67}}],"line":10},"2":{"loc":{"start":{"line":13,"column":9},"end":{"line":15,"column":48}},"type":"cond-expr","locations":[{"start":{"line":14,"column":8},"end":{"line":14,"column":25}},{"start":{"line":15,"column":8},"end":{"line":15,"column":48}}],"line":13},"3":{"loc":{"start":{"line":15,"column":8},"end":{"line":15,"column":48}},"type":"binary-expr","locations":[{"start":{"line":15,"column":8},"end":{"line":15,"column":32}},{"start":{"line":15,"column":36},"end":{"line":15,"column":48}}],"line":15}},"s":{"0":7,"1":7,"2":7,"3":7,"4":7,"5":7,"6":7,"7":7,"8":7},"f":{"0":7},"b":{"0":[7,0],"1":[7,0],"2":[7,0],"3":[0,0]},"_coverageSchema":"1a1c01bbd47fc00a2c39e90264f33305004495a9","hash":"f645d0020e5e70f77d09879692a85f9f0a4a6026"}
,"/Users/DB/Documents/SPRINGBOARD/music-club/mc-backend/db.js": {"path":"/Users/DB/Documents/SPRINGBOARD/music-club/mc-backend/db.js","statementMap":{"0":{"start":{"line":1,"column":19},"end":{"line":1,"column":32}},"1":{"start":{"line":2,"column":27},"end":{"line":2,"column":46}},"2":{"start":{"line":4,"column":11},"end":{"line":4,"column":39}},"3":{"start":{"line":6,"column":0},"end":{"line":6,"column":13}},"4":{"start":{"line":8,"column":0},"end":{"line":8,"column":20}}},"fnMap":{},"branchMap":{},"s":{"0":7,"1":7,"2":7,"3":7,"4":7},"f":{},"b":{},"_coverageSchema":"1a1c01bbd47fc00a2c39e90264f33305004495a9","hash":"90da8b2d515c41d5ca9a5704f40d9d4fd63dc67f"}
,"/Users/DB/Documents/SPRINGBOARD/music-club/mc-backend/helpers/auth.js": {"path":"/Users/DB/Documents/SPRINGBOARD/music-club/mc-backend/helpers/auth.js","statementMap":{"0":{"start":{"line":1,"column":12},"end":{"line":1,"column":35}},"1":{"start":{"line":2,"column":23},"end":{"line":2,"column":46}},"2":{"start":{"line":9,"column":2},"end":{"line":12,"column":3}},"3":{"start":{"line":15,"column":0},"end":{"line":17,"column":1}}},"fnMap":{"0":{"name":"generateUserToken","decl":{"start":{"line":8,"column":9},"end":{"line":8,"column":26}},"loc":{"start":{"line":8,"column":44},"end":{"line":13,"column":1}},"line":8}},"branchMap":{},"s":{"0":7,"1":7,"2":29,"3":7},"f":{"0":29},"b":{},"_coverageSchema":"1a1c01bbd47fc00a2c39e90264f33305004495a9","hash":"fd8849c4111a4f31c7466b0002bdf364a8ed4be3"}
,"/Users/DB/Documents/SPRINGBOARD/music-club/mc-backend/helpers/constants.js": {"path":"/Users/DB/Documents/SPRINGBOARD/music-club/mc-backend/helpers/constants.js","statementMap":{"0":{"start":{"line":1,"column":28},"end":{"line":1,"column":112}},"1":{"start":{"line":3,"column":27},"end":{"line":3,"column":187}},"2":{"start":{"line":5,"column":0},"end":{"line":8,"column":1}}},"fnMap":{},"branchMap":{},"s":{"0":4,"1":4,"2":4},"f":{},"b":{},"_coverageSchema":"1a1c01bbd47fc00a2c39e90264f33305004495a9","hash":"facdd421ae7ff55c2cbd9eaa36138dafcc565481"}
,"/Users/DB/Documents/SPRINGBOARD/music-club/mc-backend/helpers/errors.js": {"path":"/Users/DB/Documents/SPRINGBOARD/music-club/mc-backend/helpers/errors.js","statementMap":{"0":{"start":{"line":9,"column":4},"end":{"line":9,"column":12}},"1":{"start":{"line":10,"column":4},"end":{"line":10,"column":27}},"2":{"start":{"line":11,"column":4},"end":{"line":11,"column":25}},"3":{"start":{"line":13,"column":4},"end":{"line":15,"column":5}},"4":{"start":{"line":14,"column":6},"end":{"line":14,"column":32}},"5":{"start":{"line":21,"column":4},"end":{"line":21,"column":24}},"6":{"start":{"line":27,"column":4},"end":{"line":27,"column":24}},"7":{"start":{"line":33,"column":4},"end":{"line":33,"column":24}},"8":{"start":{"line":39,"column":4},"end":{"line":39,"column":23}},"9":{"start":{"line":43,"column":0},"end":{"line":49,"column":2}}},"fnMap":{"0":{"name":"(anonymous_0)","decl":{"start":{"line":8,"column":2},"end":{"line":8,"column":3}},"loc":{"start":{"line":8,"column":31},"end":{"line":16,"column":3}},"line":8},"1":{"name":"(anonymous_1)","decl":{"start":{"line":20,"column":2},"end":{"line":20,"column":3}},"loc":{"start":{"line":20,"column":23},"end":{"line":22,"column":3}},"line":20},"2":{"name":"(anonymous_2)","decl":{"start":{"line":26,"column":2},"end":{"line":26,"column":3}},"loc":{"start":{"line":26,"column":23},"end":{"line":28,"column":3}},"line":26},"3":{"name":"(anonymous_3)","decl":{"start":{"line":32,"column":2},"end":{"line":32,"column":3}},"loc":{"start":{"line":32,"column":23},"end":{"line":34,"column":3}},"line":32},"4":{"name":"(anonymous_4)","decl":{"start":{"line":38,"column":2},"end":{"line":38,"column":3}},"loc":{"start":{"line":38,"column":23},"end":{"line":40,"column":3}},"line":38}},"branchMap":{"0":{"loc":{"start":{"line":13,"column":4},"end":{"line":15,"column":5}},"type":"if","locations":[{"start":{"line":13,"column":4},"end":{"line":15,"column":5}},{"start":{"line":13,"column":4},"end":{"line":15,"column":5}}],"line":13}},"s":{"0":40,"1":40,"2":40,"3":40,"4":0,"5":7,"6":27,"7":2,"8":4,"9":7},"f":{"0":40,"1":7,"2":27,"3":2,"4":4},"b":{"0":[0,40]},"_coverageSchema":"1a1c01bbd47fc00a2c39e90264f33305004495a9","hash":"d364c787a15f6806bdb06a10c96d32ac8a3f96c3"}
,"/Users/DB/Documents/SPRINGBOARD/music-club/mc-backend/helpers/sql.js": {"path":"/Users/DB/Documents/SPRINGBOARD/music-club/mc-backend/helpers/sql.js","statementMap":{"0":{"start":{"line":2,"column":19},"end":{"line":2,"column":21}},"1":{"start":{"line":3,"column":15},"end":{"line":3,"column":17}},"2":{"start":{"line":4,"column":19},"end":{"line":4,"column":20}},"3":{"start":{"line":5,"column":2},"end":{"line":9,"column":3}},"4":{"start":{"line":6,"column":4},"end":{"line":6,"column":17}},"5":{"start":{"line":7,"column":4},"end":{"line":7,"column":71}},"6":{"start":{"line":8,"column":4},"end":{"line":8,"column":37}},"7":{"start":{"line":10,"column":2},"end":{"line":10,"column":29}},"8":{"start":{"line":14,"column":19},"end":{"line":14,"column":21}},"9":{"start":{"line":15,"column":15},"end":{"line":15,"column":17}},"10":{"start":{"line":16,"column":2},"end":{"line":18,"column":3}},"11":{"start":{"line":17,"column":4},"end":{"line":17,"column":36}},"12":{"start":{"line":19,"column":2},"end":{"line":22,"column":3}},"13":{"start":{"line":20,"column":4},"end":{"line":20,"column":55}},"14":{"start":{"line":21,"column":4},"end":{"line":21,"column":33}},"15":{"start":{"line":23,"column":2},"end":{"line":23,"column":31}},"16":{"start":{"line":27,"column":19},"end":{"line":27,"column":21}},"17":{"start":{"line":28,"column":15},"end":{"line":28,"column":17}},"18":{"start":{"line":29,"column":19},"end":{"line":29,"column":20}},"19":{"start":{"line":30,"column":2},"end":{"line":34,"column":3}},"20":{"start":{"line":31,"column":4},"end":{"line":31,"column":17}},"21":{"start":{"line":32,"column":4},"end":{"line":32,"column":45}},"22":{"start":{"line":33,"column":4},"end":{"line":33,"column":30}},"23":{"start":{"line":35,"column":2},"end":{"line":39,"column":3}},"24":{"start":{"line":36,"column":4},"end":{"line":36,"column":17}},"25":{"start":{"line":37,"column":4},"end":{"line":37,"column":64}},"26":{"start":{"line":38,"column":4},"end":{"line":38,"column":28}},"27":{"start":{"line":40,"column":2},"end":{"line":40,"column":31}},"28":{"start":{"line":44,"column":19},"end":{"line":44,"column":21}},"29":{"start":{"line":45,"column":15},"end":{"line":45,"column":17}},"30":{"start":{"line":46,"column":19},"end":{"line":46,"column":20}},"31":{"start":{"line":47,"column":2},"end":{"line":51,"column":3}},"32":{"start":{"line":48,"column":4},"end":{"line":48,"column":17}},"33":{"start":{"line":49,"column":4},"end":{"line":49,"column":64}},"34":{"start":{"line":50,"column":4},"end":{"line":50,"column":28}},"35":{"start":{"line":52,"column":2},"end":{"line":56,"column":3}},"36":{"start":{"line":53,"column":4},"end":{"line":53,"column":17}},"37":{"start":{"line":54,"column":4},"end":{"line":54,"column":64}},"38":{"start":{"line":55,"column":4},"end":{"line":55,"column":30}},"39":{"start":{"line":57,"column":2},"end":{"line":57,"column":31}},"40":{"start":{"line":61,"column":15},"end":{"line":61,"column":17}},"41":{"start":{"line":62,"column":2},"end":{"line":64,"column":3}},"42":{"start":{"line":62,"column":15},"end":{"line":62,"column":16}},"43":{"start":{"line":63,"column":4},"end":{"line":63,"column":56}},"44":{"start":{"line":65,"column":2},"end":{"line":65,"column":16}},"45":{"start":{"line":69,"column":15},"end":{"line":69,"column":17}},"46":{"start":{"line":70,"column":24},"end":{"line":70,"column":25}},"47":{"start":{"line":72,"column":4},"end":{"line":72,"column":43}},"48":{"start":{"line":74,"column":2},"end":{"line":77,"column":5}},"49":{"start":{"line":75,"column":4},"end":{"line":75,"column":22}},"50":{"start":{"line":76,"column":4},"end":{"line":76,"column":67}},"51":{"start":{"line":78,"column":2},"end":{"line":78,"column":16}},"52":{"start":{"line":83,"column":19},"end":{"line":83,"column":20}},"53":{"start":{"line":84,"column":16},"end":{"line":84,"column":18}},"54":{"start":{"line":85,"column":15},"end":{"line":85,"column":17}},"55":{"start":{"line":86,"column":2},"end":{"line":91,"column":3}},"56":{"start":{"line":87,"column":4},"end":{"line":87,"column":17}},"57":{"start":{"line":88,"column":4},"end":{"line":88,"column":30}},"58":{"start":{"line":89,"column":4},"end":{"line":89,"column":32}},"59":{"start":{"line":90,"column":4},"end":{"line":90,"column":31}},"60":{"start":{"line":92,"column":2},"end":{"line":97,"column":3}},"61":{"start":{"line":93,"column":4},"end":{"line":93,"column":17}},"62":{"start":{"line":94,"column":4},"end":{"line":94,"column":27}},"63":{"start":{"line":95,"column":4},"end":{"line":95,"column":32}},"64":{"start":{"line":96,"column":4},"end":{"line":96,"column":29}},"65":{"start":{"line":98,"column":2},"end":{"line":98,"column":26}},"66":{"start":{"line":102,"column":2},"end":{"line":102,"column":41}},"67":{"start":{"line":106,"column":2},"end":{"line":106,"column":40}},"68":{"start":{"line":110,"column":0},"end":{"line":118,"column":1}}},"fnMap":{"0":{"name":"handleUserFilters","decl":{"start":{"line":1,"column":9},"end":{"line":1,"column":26}},"loc":{"start":{"line":1,"column":37},"end":{"line":11,"column":1}},"line":1},"1":{"name":"handleClubFilters","decl":{"start":{"line":13,"column":9},"end":{"line":13,"column":26}},"loc":{"start":{"line":13,"column":43},"end":{"line":24,"column":1}},"line":13},"2":{"name":"handleUserClubFilters","decl":{"start":{"line":26,"column":9},"end":{"line":26,"column":30}},"loc":{"start":{"line":26,"column":49},"end":{"line":41,"column":1}},"line":26},"3":{"name":"handleVoteFilters","decl":{"start":{"line":43,"column":9},"end":{"line":43,"column":26}},"loc":{"start":{"line":43,"column":45},"end":{"line":58,"column":1}},"line":43},"4":{"name":"createParamList","decl":{"start":{"line":60,"column":9},"end":{"line":60,"column":24}},"loc":{"start":{"line":60,"column":41},"end":{"line":66,"column":1}},"line":60},"5":{"name":"makeGenreValuesList","decl":{"start":{"line":68,"column":9},"end":{"line":68,"column":28}},"loc":{"start":{"line":68,"column":37},"end":{"line":79,"column":1}},"line":68},"6":{"name":"commaOrValues","decl":{"start":{"line":71,"column":11},"end":{"line":71,"column":24}},"loc":{"start":{"line":71,"column":33},"end":{"line":73,"column":3}},"line":71},"7":{"name":"(anonymous_7)","decl":{"start":{"line":74,"column":17},"end":{"line":74,"column":18}},"loc":{"start":{"line":74,"column":26},"end":{"line":77,"column":3}},"line":74},"8":{"name":"getOptionalPostColumns","decl":{"start":{"line":81,"column":9},"end":{"line":81,"column":31}},"loc":{"start":{"line":81,"column":64},"end":{"line":99,"column":1}},"line":81},"9":{"name":"addWhereOrAnd","decl":{"start":{"line":101,"column":9},"end":{"line":101,"column":22}},"loc":{"start":{"line":101,"column":31},"end":{"line":103,"column":1}},"line":101},"10":{"name":"addWhereOrOr","decl":{"start":{"line":105,"column":9},"end":{"line":105,"column":21}},"loc":{"start":{"line":105,"column":30},"end":{"line":107,"column":1}},"line":105}},"branchMap":{"0":{"loc":{"start":{"line":5,"column":2},"end":{"line":9,"column":3}},"type":"if","locations":[{"start":{"line":5,"column":2},"end":{"line":9,"column":3}},{"start":{"line":5,"column":2},"end":{"line":9,"column":3}}],"line":5},"1":{"loc":{"start":{"line":16,"column":2},"end":{"line":18,"column":3}},"type":"if","locations":[{"start":{"line":16,"column":2},"end":{"line":18,"column":3}},{"start":{"line":16,"column":2},"end":{"line":18,"column":3}}],"line":16},"2":{"loc":{"start":{"line":19,"column":2},"end":{"line":22,"column":3}},"type":"if","locations":[{"start":{"line":19,"column":2},"end":{"line":22,"column":3}},{"start":{"line":19,"column":2},"end":{"line":22,"column":3}}],"line":19},"3":{"loc":{"start":{"line":30,"column":2},"end":{"line":34,"column":3}},"type":"if","locations":[{"start":{"line":30,"column":2},"end":{"line":34,"column":3}},{"start":{"line":30,"column":2},"end":{"line":34,"column":3}}],"line":30},"4":{"loc":{"start":{"line":35,"column":2},"end":{"line":39,"column":3}},"type":"if","locations":[{"start":{"line":35,"column":2},"end":{"line":39,"column":3}},{"start":{"line":35,"column":2},"end":{"line":39,"column":3}}],"line":35},"5":{"loc":{"start":{"line":47,"column":2},"end":{"line":51,"column":3}},"type":"if","locations":[{"start":{"line":47,"column":2},"end":{"line":51,"column":3}},{"start":{"line":47,"column":2},"end":{"line":51,"column":3}}],"line":47},"6":{"loc":{"start":{"line":52,"column":2},"end":{"line":56,"column":3}},"type":"if","locations":[{"start":{"line":52,"column":2},"end":{"line":56,"column":3}},{"start":{"line":52,"column":2},"end":{"line":56,"column":3}}],"line":52},"7":{"loc":{"start":{"line":72,"column":11},"end":{"line":72,"column":42}},"type":"cond-expr","locations":[{"start":{"line":72,"column":27},"end":{"line":72,"column":31}},{"start":{"line":72,"column":34},"end":{"line":72,"column":42}}],"line":72},"8":{"loc":{"start":{"line":86,"column":2},"end":{"line":91,"column":3}},"type":"if","locations":[{"start":{"line":86,"column":2},"end":{"line":91,"column":3}},{"start":{"line":86,"column":2},"end":{"line":91,"column":3}}],"line":86},"9":{"loc":{"start":{"line":92,"column":2},"end":{"line":97,"column":3}},"type":"if","locations":[{"start":{"line":92,"column":2},"end":{"line":97,"column":3}},{"start":{"line":92,"column":2},"end":{"line":97,"column":3}}],"line":92},"10":{"loc":{"start":{"line":102,"column":9},"end":{"line":102,"column":41}},"type":"cond-expr","locations":[{"start":{"line":102,"column":25},"end":{"line":102,"column":31}},{"start":{"line":102,"column":34},"end":{"line":102,"column":41}}],"line":102},"11":{"loc":{"start":{"line":106,"column":9},"end":{"line":106,"column":40}},"type":"cond-expr","locations":[{"start":{"line":106,"column":25},"end":{"line":106,"column":30}},{"start":{"line":106,"column":33},"end":{"line":106,"column":40}}],"line":106}},"s":{"0":6,"1":6,"2":6,"3":6,"4":4,"5":4,"6":4,"7":6,"8":8,"9":8,"10":8,"11":4,"12":8,"13":4,"14":4,"15":8,"16":4,"17":4,"18":4,"19":4,"20":2,"21":2,"22":2,"23":4,"24":2,"25":2,"26":2,"27":4,"28":0,"29":0,"30":0,"31":0,"32":0,"33":0,"34":0,"35":0,"36":0,"37":0,"38":0,"39":0,"40":2,"41":2,"42":2,"43":2,"44":2,"45":0,"46":0,"47":0,"48":0,"49":0,"50":0,"51":0,"52":6,"53":6,"54":6,"55":6,"56":5,"57":5,"58":5,"59":5,"60":6,"61":5,"62":5,"63":5,"64":5,"65":6,"66":10,"67":2,"68":7},"f":{"0":6,"1":8,"2":4,"3":0,"4":2,"5":0,"6":0,"7":0,"8":6,"9":10,"10":2},"b":{"0":[4,2],"1":[4,4],"2":[4,4],"3":[2,2],"4":[2,2],"5":[0,0],"6":[0,0],"7":[0,0],"8":[5,1],"9":[5,1],"10":[3,7],"11":[0,2]},"_coverageSchema":"1a1c01bbd47fc00a2c39e90264f33305004495a9","hash":"c1abfbc728f02a790f009b72567ffda498658510"}
,"/Users/DB/Documents/SPRINGBOARD/music-club/mc-backend/helpers/validation.js": {"path":"/Users/DB/Documents/SPRINGBOARD/music-club/mc-backend/helpers/validation.js","statementMap":{"0":{"start":{"line":1,"column":19},"end":{"line":1,"column":40}},"1":{"start":{"line":2,"column":28},"end":{"line":2,"column":47}},"2":{"start":{"line":10,"column":20},"end":{"line":10,"column":55}},"3":{"start":{"line":11,"column":2},"end":{"line":14,"column":3}},"4":{"start":{"line":12,"column":17},"end":{"line":12,"column":51}},"5":{"start":{"line":12,"column":43},"end":{"line":12,"column":50}},"6":{"start":{"line":13,"column":4},"end":{"line":13,"column":36}},"7":{"start":{"line":17,"column":0},"end":{"line":19,"column":1}}},"fnMap":{"0":{"name":"validateRequest","decl":{"start":{"line":9,"column":9},"end":{"line":9,"column":24}},"loc":{"start":{"line":9,"column":41},"end":{"line":15,"column":1}},"line":9},"1":{"name":"(anonymous_1)","decl":{"start":{"line":12,"column":38},"end":{"line":12,"column":39}},"loc":{"start":{"line":12,"column":43},"end":{"line":12,"column":50}},"line":12}},"branchMap":{"0":{"loc":{"start":{"line":11,"column":2},"end":{"line":14,"column":3}},"type":"if","locations":[{"start":{"line":11,"column":2},"end":{"line":14,"column":3}},{"start":{"line":11,"column":2},"end":{"line":14,"column":3}}],"line":11}},"s":{"0":2,"1":2,"2":44,"3":44,"4":18,"5":18,"6":18,"7":2},"f":{"0":44,"1":18},"b":{"0":[18,26]},"_coverageSchema":"1a1c01bbd47fc00a2c39e90264f33305004495a9","hash":"c9fdef3d87deb693df96d5a87b1f9fa1d2f2cf11"}
,"/Users/DB/Documents/SPRINGBOARD/music-club/mc-backend/middleware/auth.js": {"path":"/Users/DB/Documents/SPRINGBOARD/music-club/mc-backend/middleware/auth.js","statementMap":{"0":{"start":{"line":1,"column":20},"end":{"line":1,"column":38}},"1":{"start":{"line":2,"column":12},"end":{"line":2,"column":35}},"2":{"start":{"line":4,"column":23},"end":{"line":4,"column":43}},"3":{"start":{"line":5,"column":52},"end":{"line":5,"column":80}},"4":{"start":{"line":8,"column":2},"end":{"line":17,"column":3}},"5":{"start":{"line":9,"column":22},"end":{"line":9,"column":33}},"6":{"start":{"line":10,"column":4},"end":{"line":12,"column":5}},"7":{"start":{"line":11,"column":6},"end":{"line":11,"column":20}},"8":{"start":{"line":13,"column":4},"end":{"line":13,"column":45}},"9":{"start":{"line":14,"column":4},"end":{"line":14,"column":11}},"10":{"start":{"line":16,"column":4},"end":{"line":16,"column":16}},"11":{"start":{"line":21,"column":20},"end":{"line":21,"column":28}},"12":{"start":{"line":22,"column":2},"end":{"line":24,"column":3}},"13":{"start":{"line":23,"column":4},"end":{"line":23,"column":84}},"14":{"start":{"line":25,"column":2},"end":{"line":25,"column":9}},"15":{"start":{"line":29,"column":30},"end":{"line":29,"column":38}},"16":{"start":{"line":30,"column":2},"end":{"line":32,"column":3}},"17":{"start":{"line":31,"column":4},"end":{"line":31,"column":121}},"18":{"start":{"line":33,"column":2},"end":{"line":33,"column":9}},"19":{"start":{"line":37,"column":19},"end":{"line":37,"column":22}},"20":{"start":{"line":38,"column":2},"end":{"line":40,"column":3}},"21":{"start":{"line":39,"column":4},"end":{"line":39,"column":77}},"22":{"start":{"line":41,"column":2},"end":{"line":41,"column":9}},"23":{"start":{"line":44,"column":0},"end":{"line":49,"column":1}}},"fnMap":{"0":{"name":"authenticateToken","decl":{"start":{"line":7,"column":9},"end":{"line":7,"column":26}},"loc":{"start":{"line":7,"column":43},"end":{"line":18,"column":1}},"line":7},"1":{"name":"ensureAdmin","decl":{"start":{"line":20,"column":9},"end":{"line":20,"column":20}},"loc":{"start":{"line":20,"column":37},"end":{"line":26,"column":1}},"line":20},"2":{"name":"ensureAdminOrSameUser","decl":{"start":{"line":28,"column":9},"end":{"line":28,"column":30}},"loc":{"start":{"line":28,"column":47},"end":{"line":34,"column":1}},"line":28},"3":{"name":"ensureLoggedIn","decl":{"start":{"line":36,"column":9},"end":{"line":36,"column":23}},"loc":{"start":{"line":36,"column":40},"end":{"line":42,"column":1}},"line":36}},"branchMap":{"0":{"loc":{"start":{"line":10,"column":4},"end":{"line":12,"column":5}},"type":"if","locations":[{"start":{"line":10,"column":4},"end":{"line":12,"column":5}},{"start":{"line":10,"column":4},"end":{"line":12,"column":5}}],"line":10},"1":{"loc":{"start":{"line":22,"column":2},"end":{"line":24,"column":3}},"type":"if","locations":[{"start":{"line":22,"column":2},"end":{"line":24,"column":3}},{"start":{"line":22,"column":2},"end":{"line":24,"column":3}}],"line":22},"2":{"loc":{"start":{"line":30,"column":2},"end":{"line":32,"column":3}},"type":"if","locations":[{"start":{"line":30,"column":2},"end":{"line":32,"column":3}},{"start":{"line":30,"column":2},"end":{"line":32,"column":3}}],"line":30},"3":{"loc":{"start":{"line":30,"column":6},"end":{"line":30,"column":48}},"type":"binary-expr","locations":[{"start":{"line":30,"column":6},"end":{"line":30,"column":12}},{"start":{"line":30,"column":16},"end":{"line":30,"column":48}}],"line":30},"4":{"loc":{"start":{"line":38,"column":2},"end":{"line":40,"column":3}},"type":"if","locations":[{"start":{"line":38,"column":2},"end":{"line":40,"column":3}},{"start":{"line":38,"column":2},"end":{"line":40,"column":3}}],"line":38}},"s":{"0":2,"1":2,"2":2,"3":2,"4":77,"5":77,"6":77,"7":63,"8":14,"9":14,"10":0,"11":0,"12":0,"13":0,"14":0,"15":4,"16":4,"17":1,"18":3,"19":12,"20":12,"21":2,"22":10,"23":2},"f":{"0":77,"1":0,"2":4,"3":12},"b":{"0":[63,14],"1":[0,0],"2":[1,3],"3":[4,2],"4":[2,10]},"_coverageSchema":"1a1c01bbd47fc00a2c39e90264f33305004495a9","hash":"22e8981743ffaa48143bd7c8e08f5da47789c541"}
,"/Users/DB/Documents/SPRINGBOARD/music-club/mc-backend/models/Album.js": {"path":"/Users/DB/Documents/SPRINGBOARD/music-club/mc-backend/models/Album.js","statementMap":{"0":{"start":{"line":1,"column":11},"end":{"line":1,"column":27}},"1":{"start":{"line":5,"column":4},"end":{"line":5,"column":31}},"2":{"start":{"line":6,"column":4},"end":{"line":6,"column":21}},"3":{"start":{"line":7,"column":4},"end":{"line":7,"column":25}},"4":{"start":{"line":8,"column":4},"end":{"line":8,"column":23}},"5":{"start":{"line":9,"column":4},"end":{"line":9,"column":35}},"6":{"start":{"line":13,"column":19},"end":{"line":17,"column":19}},"7":{"start":{"line":18,"column":18},"end":{"line":18,"column":32}},"8":{"start":{"line":19,"column":4},"end":{"line":21,"column":5}},"9":{"start":{"line":20,"column":6},"end":{"line":20,"column":98}},"10":{"start":{"line":26,"column":19},"end":{"line":30,"column":53}},"11":{"start":{"line":31,"column":18},"end":{"line":31,"column":32}},"12":{"start":{"line":32,"column":4},"end":{"line":32,"column":96}},"13":{"start":{"line":36,"column":0},"end":{"line":36,"column":23}}},"fnMap":{"0":{"name":"(anonymous_0)","decl":{"start":{"line":4,"column":2},"end":{"line":4,"column":3}},"loc":{"start":{"line":4,"column":59},"end":{"line":10,"column":3}},"line":4},"1":{"name":"(anonymous_1)","decl":{"start":{"line":12,"column":2},"end":{"line":12,"column":3}},"loc":{"start":{"line":12,"column":30},"end":{"line":23,"column":3}},"line":12},"2":{"name":"(anonymous_2)","decl":{"start":{"line":25,"column":2},"end":{"line":25,"column":3}},"loc":{"start":{"line":25,"column":67},"end":{"line":33,"column":3}},"line":25}},"branchMap":{"0":{"loc":{"start":{"line":19,"column":4},"end":{"line":21,"column":5}},"type":"if","locations":[{"start":{"line":19,"column":4},"end":{"line":21,"column":5}},{"start":{"line":19,"column":4},"end":{"line":21,"column":5}}],"line":19}},"s":{"0":7,"1":154,"2":154,"3":154,"4":154,"5":154,"6":6,"7":6,"8":6,"9":4,"10":76,"11":76,"12":76,"13":7},"f":{"0":154,"1":6,"2":76},"b":{"0":[4,2]},"_coverageSchema":"1a1c01bbd47fc00a2c39e90264f33305004495a9","hash":"21bb44785ed0315dbe82f5f9887e37e1fe607ced"}
,"/Users/DB/Documents/SPRINGBOARD/music-club/mc-backend/models/AlbumGenre.js": {"path":"/Users/DB/Documents/SPRINGBOARD/music-club/mc-backend/models/AlbumGenre.js","statementMap":{"0":{"start":{"line":1,"column":11},"end":{"line":1,"column":27}},"1":{"start":{"line":2,"column":32},"end":{"line":2,"column":57}},"2":{"start":{"line":6,"column":4},"end":{"line":6,"column":31}},"3":{"start":{"line":7,"column":4},"end":{"line":7,"column":23}},"4":{"start":{"line":11,"column":19},"end":{"line":15,"column":26}},"5":{"start":{"line":16,"column":23},"end":{"line":16,"column":37}},"6":{"start":{"line":17,"column":4},"end":{"line":17,"column":66}},"7":{"start":{"line":26,"column":4},"end":{"line":26,"column":24}},"8":{"start":{"line":27,"column":23},"end":{"line":27,"column":50}},"9":{"start":{"line":28,"column":19},"end":{"line":32,"column":30}},"10":{"start":{"line":33,"column":4},"end":{"line":35,"column":7}},"11":{"start":{"line":34,"column":6},"end":{"line":34,"column":68}},"12":{"start":{"line":39,"column":0},"end":{"line":39,"column":28}}},"fnMap":{"0":{"name":"(anonymous_0)","decl":{"start":{"line":5,"column":2},"end":{"line":5,"column":3}},"loc":{"start":{"line":5,"column":32},"end":{"line":8,"column":3}},"line":5},"1":{"name":"(anonymous_1)","decl":{"start":{"line":10,"column":2},"end":{"line":10,"column":3}},"loc":{"start":{"line":10,"column":40},"end":{"line":18,"column":3}},"line":10},"2":{"name":"(anonymous_2)","decl":{"start":{"line":25,"column":2},"end":{"line":25,"column":3}},"loc":{"start":{"line":25,"column":45},"end":{"line":36,"column":3}},"line":25},"3":{"name":"(anonymous_3)","decl":{"start":{"line":33,"column":27},"end":{"line":33,"column":28}},"loc":{"start":{"line":33,"column":41},"end":{"line":35,"column":5}},"line":33}},"branchMap":{},"s":{"0":2,"1":2,"2":0,"3":0,"4":0,"5":0,"6":0,"7":0,"8":0,"9":0,"10":0,"11":0,"12":2},"f":{"0":0,"1":0,"2":0,"3":0},"b":{},"_coverageSchema":"1a1c01bbd47fc00a2c39e90264f33305004495a9","hash":"7364f06d2672608dd770661f3e2d6c6188a823ac"}
,"/Users/DB/Documents/SPRINGBOARD/music-club/mc-backend/models/Club.js": {"path":"/Users/DB/Documents/SPRINGBOARD/music-club/mc-backend/models/Club.js","statementMap":{"0":{"start":{"line":1,"column":11},"end":{"line":1,"column":27}},"1":{"start":{"line":2,"column":30},"end":{"line":2,"column":55}},"2":{"start":{"line":3,"column":26},"end":{"line":3,"column":66}},"3":{"start":{"line":4,"column":13},"end":{"line":4,"column":30}},"4":{"start":{"line":20,"column":4},"end":{"line":20,"column":17}},"5":{"start":{"line":21,"column":4},"end":{"line":21,"column":21}},"6":{"start":{"line":22,"column":4},"end":{"line":22,"column":35}},"7":{"start":{"line":23,"column":4},"end":{"line":23,"column":27}},"8":{"start":{"line":24,"column":4},"end":{"line":24,"column":29}},"9":{"start":{"line":26,"column":4},"end":{"line":26,"column":40}},"10":{"start":{"line":26,"column":17},"end":{"line":26,"column":40}},"11":{"start":{"line":27,"column":4},"end":{"line":27,"column":55}},"12":{"start":{"line":27,"column":22},"end":{"line":27,"column":55}},"13":{"start":{"line":28,"column":4},"end":{"line":28,"column":40}},"14":{"start":{"line":28,"column":17},"end":{"line":28,"column":40}},"15":{"start":{"line":42,"column":20},"end":{"line":42,"column":53}},"16":{"start":{"line":44,"column":19},"end":{"line":49,"column":26}},"17":{"start":{"line":51,"column":4},"end":{"line":53,"column":6}},"18":{"start":{"line":52,"column":6},"end":{"line":52,"column":89}},"19":{"start":{"line":61,"column":19},"end":{"line":71,"column":16}},"20":{"start":{"line":72,"column":21},"end":{"line":72,"column":35}},"21":{"start":{"line":73,"column":4},"end":{"line":77,"column":5}},"22":{"start":{"line":76,"column":6},"end":{"line":76,"column":160}},"23":{"start":{"line":83,"column":29},"end":{"line":83,"column":67}},"24":{"start":{"line":84,"column":28},"end":{"line":84,"column":54}},"25":{"start":{"line":86,"column":23},"end":{"line":86,"column":70}},"26":{"start":{"line":87,"column":4},"end":{"line":87,"column":52}},"27":{"start":{"line":87,"column":22},"end":{"line":87,"column":52}},"28":{"start":{"line":89,"column":19},"end":{"line":93,"column":18}},"29":{"start":{"line":95,"column":20},"end":{"line":95,"column":34}},"30":{"start":{"line":96,"column":4},"end":{"line":96,"column":151}},"31":{"start":{"line":102,"column":19},"end":{"line":106,"column":17}},"32":{"start":{"line":107,"column":4},"end":{"line":111,"column":5}},"33":{"start":{"line":108,"column":6},"end":{"line":108,"column":59}},"34":{"start":{"line":110,"column":6},"end":{"line":110,"column":59}},"35":{"start":{"line":115,"column":19},"end":{"line":120,"column":65}},"36":{"start":{"line":121,"column":4},"end":{"line":125,"column":5}},"37":{"start":{"line":122,"column":6},"end":{"line":122,"column":59}},"38":{"start":{"line":124,"column":6},"end":{"line":124,"column":78}},"39":{"start":{"line":129,"column":0},"end":{"line":129,"column":22}}},"fnMap":{"0":{"name":"(anonymous_0)","decl":{"start":{"line":19,"column":2},"end":{"line":19,"column":3}},"loc":{"start":{"line":19,"column":88},"end":{"line":29,"column":3}},"line":19},"1":{"name":"(anonymous_1)","decl":{"start":{"line":41,"column":2},"end":{"line":41,"column":3}},"loc":{"start":{"line":41,"column":38},"end":{"line":54,"column":3}},"line":41},"2":{"name":"(anonymous_2)","decl":{"start":{"line":51,"column":27},"end":{"line":51,"column":28}},"loc":{"start":{"line":51,"column":35},"end":{"line":53,"column":5}},"line":51},"3":{"name":"(anonymous_3)","decl":{"start":{"line":60,"column":2},"end":{"line":60,"column":3}},"loc":{"start":{"line":60,"column":27},"end":{"line":79,"column":3}},"line":60},"4":{"name":"(anonymous_4)","decl":{"start":{"line":81,"column":2},"end":{"line":81,"column":3}},"loc":{"start":{"line":81,"column":74},"end":{"line":97,"column":3}},"line":81},"5":{"name":"(anonymous_5)","decl":{"start":{"line":101,"column":2},"end":{"line":101,"column":3}},"loc":{"start":{"line":101,"column":17},"end":{"line":112,"column":3}},"line":101},"6":{"name":"(anonymous_6)","decl":{"start":{"line":114,"column":2},"end":{"line":114,"column":3}},"loc":{"start":{"line":114,"column":15},"end":{"line":126,"column":3}},"line":114}},"branchMap":{"0":{"loc":{"start":{"line":26,"column":4},"end":{"line":26,"column":40}},"type":"if","locations":[{"start":{"line":26,"column":4},"end":{"line":26,"column":40}},{"start":{"line":26,"column":4},"end":{"line":26,"column":40}}],"line":26},"1":{"loc":{"start":{"line":27,"column":4},"end":{"line":27,"column":55}},"type":"if","locations":[{"start":{"line":27,"column":4},"end":{"line":27,"column":55}},{"start":{"line":27,"column":4},"end":{"line":27,"column":55}}],"line":27},"2":{"loc":{"start":{"line":28,"column":4},"end":{"line":28,"column":40}},"type":"if","locations":[{"start":{"line":28,"column":4},"end":{"line":28,"column":40}},{"start":{"line":28,"column":4},"end":{"line":28,"column":40}}],"line":28},"3":{"loc":{"start":{"line":73,"column":4},"end":{"line":77,"column":5}},"type":"if","locations":[{"start":{"line":73,"column":4},"end":{"line":77,"column":5}},{"start":{"line":73,"column":4},"end":{"line":77,"column":5}}],"line":73},"4":{"loc":{"start":{"line":83,"column":29},"end":{"line":83,"column":67}},"type":"cond-expr","locations":[{"start":{"line":83,"column":44},"end":{"line":83,"column":62}},{"start":{"line":83,"column":65},"end":{"line":83,"column":67}}],"line":83},"5":{"loc":{"start":{"line":84,"column":28},"end":{"line":84,"column":54}},"type":"cond-expr","locations":[{"start":{"line":84,"column":43},"end":{"line":84,"column":49}},{"start":{"line":84,"column":52},"end":{"line":84,"column":54}}],"line":84},"6":{"loc":{"start":{"line":87,"column":4},"end":{"line":87,"column":52}},"type":"if","locations":[{"start":{"line":87,"column":4},"end":{"line":87,"column":52}},{"start":{"line":87,"column":4},"end":{"line":87,"column":52}}],"line":87},"7":{"loc":{"start":{"line":107,"column":4},"end":{"line":111,"column":5}},"type":"if","locations":[{"start":{"line":107,"column":4},"end":{"line":111,"column":5}},{"start":{"line":107,"column":4},"end":{"line":111,"column":5}}],"line":107},"8":{"loc":{"start":{"line":121,"column":4},"end":{"line":125,"column":5}},"type":"if","locations":[{"start":{"line":121,"column":4},"end":{"line":125,"column":5}},{"start":{"line":121,"column":4},"end":{"line":125,"column":5}}],"line":121}},"s":{"0":7,"1":7,"2":7,"3":7,"4":330,"5":330,"6":330,"7":330,"8":330,"9":330,"10":320,"11":330,"12":320,"13":330,"14":0,"15":8,"16":8,"17":8,"18":8,"19":28,"20":28,"21":28,"22":21,"23":151,"24":151,"25":151,"26":151,"27":149,"28":151,"29":151,"30":151,"31":5,"32":5,"33":5,"34":0,"35":6,"36":6,"37":6,"38":0,"39":7},"f":{"0":330,"1":8,"2":8,"3":28,"4":151,"5":5,"6":6},"b":{"0":[320,10],"1":[320,10],"2":[0,330],"3":[21,7],"4":[149,2],"5":[149,2],"6":[149,2],"7":[5,0],"8":[6,0]},"_coverageSchema":"1a1c01bbd47fc00a2c39e90264f33305004495a9","hash":"63b521d3bc3e94cc21e4d566f8352ec056a0ff16"}
,"/Users/DB/Documents/SPRINGBOARD/music-club/mc-backend/models/Post.js": {"path":"/Users/DB/Documents/SPRINGBOARD/music-club/mc-backend/models/Post.js","statementMap":{"0":{"start":{"line":1,"column":11},"end":{"line":1,"column":27}},"1":{"start":{"line":2,"column":35},"end":{"line":2,"column":60}},"2":{"start":{"line":15,"column":4},"end":{"line":15,"column":17}},"3":{"start":{"line":16,"column":4},"end":{"line":16,"column":25}},"4":{"start":{"line":17,"column":4},"end":{"line":17,"column":31}},"5":{"start":{"line":18,"column":4},"end":{"line":18,"column":29}},"6":{"start":{"line":19,"column":4},"end":{"line":19,"column":29}},"7":{"start":{"line":20,"column":4},"end":{"line":20,"column":27}},"8":{"start":{"line":21,"column":4},"end":{"line":21,"column":31}},"9":{"start":{"line":27,"column":19},"end":{"line":27,"column":41}},"10":{"start":{"line":28,"column":25},"end":{"line":28,"column":59}},"11":{"start":{"line":30,"column":19},"end":{"line":34,"column":14}},"12":{"start":{"line":36,"column":4},"end":{"line":38,"column":6}},"13":{"start":{"line":37,"column":6},"end":{"line":37,"column":114}},"14":{"start":{"line":42,"column":19},"end":{"line":46,"column":12}},"15":{"start":{"line":47,"column":17},"end":{"line":47,"column":31}},"16":{"start":{"line":48,"column":4},"end":{"line":50,"column":5}},"17":{"start":{"line":49,"column":6},"end":{"line":49,"column":130}},"18":{"start":{"line":55,"column":23},"end":{"line":55,"column":52}},"19":{"start":{"line":56,"column":21},"end":{"line":56,"column":75}},"20":{"start":{"line":57,"column":19},"end":{"line":61,"column":18}},"21":{"start":{"line":62,"column":20},"end":{"line":62,"column":34}},"22":{"start":{"line":63,"column":4},"end":{"line":63,"column":149}},"23":{"start":{"line":69,"column":19},"end":{"line":74,"column":47}},"24":{"start":{"line":75,"column":4},"end":{"line":79,"column":5}},"25":{"start":{"line":76,"column":6},"end":{"line":76,"column":40}},"26":{"start":{"line":78,"column":6},"end":{"line":78,"column":59}},"27":{"start":{"line":83,"column":19},"end":{"line":87,"column":17}},"28":{"start":{"line":88,"column":4},"end":{"line":92,"column":5}},"29":{"start":{"line":89,"column":6},"end":{"line":89,"column":40}},"30":{"start":{"line":91,"column":6},"end":{"line":91,"column":59}},"31":{"start":{"line":96,"column":0},"end":{"line":96,"column":22}}},"fnMap":{"0":{"name":"(anonymous_0)","decl":{"start":{"line":14,"column":2},"end":{"line":14,"column":3}},"loc":{"start":{"line":14,"column":77},"end":{"line":22,"column":3}},"line":14},"1":{"name":"(anonymous_1)","decl":{"start":{"line":26,"column":2},"end":{"line":26,"column":3}},"loc":{"start":{"line":26,"column":30},"end":{"line":39,"column":3}},"line":26},"2":{"name":"(anonymous_2)","decl":{"start":{"line":36,"column":27},"end":{"line":36,"column":28}},"loc":{"start":{"line":36,"column":35},"end":{"line":38,"column":5}},"line":36},"3":{"name":"(anonymous_3)","decl":{"start":{"line":41,"column":2},"end":{"line":41,"column":3}},"loc":{"start":{"line":41,"column":23},"end":{"line":52,"column":3}},"line":41},"4":{"name":"(anonymous_4)","decl":{"start":{"line":54,"column":2},"end":{"line":54,"column":3}},"loc":{"start":{"line":54,"column":71},"end":{"line":64,"column":3}},"line":54},"5":{"name":"(anonymous_5)","decl":{"start":{"line":68,"column":2},"end":{"line":68,"column":3}},"loc":{"start":{"line":68,"column":15},"end":{"line":80,"column":3}},"line":68},"6":{"name":"(anonymous_6)","decl":{"start":{"line":82,"column":2},"end":{"line":82,"column":3}},"loc":{"start":{"line":82,"column":17},"end":{"line":93,"column":3}},"line":82}},"branchMap":{"0":{"loc":{"start":{"line":27,"column":19},"end":{"line":27,"column":41}},"type":"cond-expr","locations":[{"start":{"line":27,"column":28},"end":{"line":27,"column":36}},{"start":{"line":27,"column":39},"end":{"line":27,"column":41}}],"line":27},"1":{"loc":{"start":{"line":28,"column":25},"end":{"line":28,"column":59}},"type":"cond-expr","locations":[{"start":{"line":28,"column":34},"end":{"line":28,"column":54}},{"start":{"line":28,"column":57},"end":{"line":28,"column":59}}],"line":28},"2":{"loc":{"start":{"line":48,"column":4},"end":{"line":50,"column":5}},"type":"if","locations":[{"start":{"line":48,"column":4},"end":{"line":50,"column":5}},{"start":{"line":48,"column":4},"end":{"line":50,"column":5}}],"line":48},"3":{"loc":{"start":{"line":75,"column":4},"end":{"line":79,"column":5}},"type":"if","locations":[{"start":{"line":75,"column":4},"end":{"line":79,"column":5}},{"start":{"line":75,"column":4},"end":{"line":79,"column":5}}],"line":75},"4":{"loc":{"start":{"line":88,"column":4},"end":{"line":92,"column":5}},"type":"if","locations":[{"start":{"line":88,"column":4},"end":{"line":92,"column":5}},{"start":{"line":88,"column":4},"end":{"line":92,"column":5}}],"line":88}},"s":{"0":7,"1":7,"2":164,"3":164,"4":164,"5":164,"6":164,"7":164,"8":164,"9":3,"10":3,"11":3,"12":3,"13":3,"14":7,"15":7,"16":7,"17":5,"18":6,"19":6,"20":6,"21":6,"22":6,"23":4,"24":4,"25":4,"26":0,"27":3,"28":3,"29":3,"30":0,"31":7},"f":{"0":164,"1":3,"2":3,"3":7,"4":6,"5":4,"6":3},"b":{"0":[2,1],"1":[2,1],"2":[5,2],"3":[4,0],"4":[3,0]},"_coverageSchema":"1a1c01bbd47fc00a2c39e90264f33305004495a9","hash":"69408c5fcf38a561cb8716d1086e44b8e95e67f5"}
,"/Users/DB/Documents/SPRINGBOARD/music-club/mc-backend/models/User.js": {"path":"/Users/DB/Documents/SPRINGBOARD/music-club/mc-backend/models/User.js","statementMap":{"0":{"start":{"line":1,"column":15},"end":{"line":1,"column":32}},"1":{"start":{"line":3,"column":11},"end":{"line":3,"column":27}},"2":{"start":{"line":4,"column":31},"end":{"line":4,"column":51}},"3":{"start":{"line":5,"column":47},"end":{"line":5,"column":72}},"4":{"start":{"line":6,"column":30},"end":{"line":6,"column":56}},"5":{"start":{"line":10,"column":4},"end":{"line":10,"column":29}},"6":{"start":{"line":11,"column":4},"end":{"line":11,"column":23}},"7":{"start":{"line":12,"column":4},"end":{"line":12,"column":39}},"8":{"start":{"line":13,"column":4},"end":{"line":13,"column":48}},"9":{"start":{"line":13,"column":29},"end":{"line":13,"column":48}},"10":{"start":{"line":26,"column":20},"end":{"line":26,"column":47}},"11":{"start":{"line":28,"column":19},"end":{"line":33,"column":26}},"12":{"start":{"line":34,"column":4},"end":{"line":36,"column":7}},"13":{"start":{"line":35,"column":6},"end":{"line":35,"column":67}},"14":{"start":{"line":41,"column":22},"end":{"line":41,"column":60}},"15":{"start":{"line":43,"column":19},"end":{"line":48,"column":17}},"16":{"start":{"line":49,"column":4},"end":{"line":51,"column":7}},"17":{"start":{"line":50,"column":6},"end":{"line":50,"column":67}},"18":{"start":{"line":62,"column":19},"end":{"line":66,"column":25}},"19":{"start":{"line":67,"column":17},"end":{"line":67,"column":31}},"20":{"start":{"line":68,"column":4},"end":{"line":70,"column":5}},"21":{"start":{"line":69,"column":6},"end":{"line":69,"column":83}},"22":{"start":{"line":85,"column":27},"end":{"line":85,"column":74}},"23":{"start":{"line":88,"column":26},"end":{"line":88,"column":66}},"24":{"start":{"line":89,"column":30},"end":{"line":89,"column":57}},"25":{"start":{"line":92,"column":23},"end":{"line":92,"column":63}},"26":{"start":{"line":93,"column":4},"end":{"line":93,"column":54}},"27":{"start":{"line":93,"column":23},"end":{"line":93,"column":54}},"28":{"start":{"line":96,"column":19},"end":{"line":100,"column":18}},"29":{"start":{"line":101,"column":20},"end":{"line":101,"column":34}},"30":{"start":{"line":102,"column":4},"end":{"line":102,"column":93}},"31":{"start":{"line":114,"column":20},"end":{"line":114,"column":79}},"32":{"start":{"line":115,"column":18},"end":{"line":115,"column":68}},"33":{"start":{"line":116,"column":4},"end":{"line":116,"column":29}},"34":{"start":{"line":120,"column":25},"end":{"line":120,"column":56}},"35":{"start":{"line":122,"column":4},"end":{"line":133,"column":5}},"36":{"start":{"line":124,"column":6},"end":{"line":130,"column":7}},"37":{"start":{"line":125,"column":8},"end":{"line":125,"column":85}},"38":{"start":{"line":126,"column":13},"end":{"line":130,"column":7}},"39":{"start":{"line":127,"column":8},"end":{"line":127,"column":60}},"40":{"start":{"line":129,"column":8},"end":{"line":129,"column":66}},"41":{"start":{"line":132,"column":6},"end":{"line":132,"column":31}},"42":{"start":{"line":137,"column":19},"end":{"line":141,"column":18}},"43":{"start":{"line":142,"column":17},"end":{"line":142,"column":31}},"44":{"start":{"line":143,"column":4},"end":{"line":152,"column":5}},"45":{"start":{"line":144,"column":22},"end":{"line":144,"column":67}},"46":{"start":{"line":145,"column":20},"end":{"line":145,"column":64}},"47":{"start":{"line":146,"column":6},"end":{"line":151,"column":7}},"48":{"start":{"line":147,"column":8},"end":{"line":150,"column":9}},"49":{"start":{"line":153,"column":4},"end":{"line":153,"column":52}},"50":{"start":{"line":159,"column":19},"end":{"line":163,"column":23}},"51":{"start":{"line":164,"column":4},"end":{"line":168,"column":5}},"52":{"start":{"line":165,"column":6},"end":{"line":165,"column":46}},"53":{"start":{"line":167,"column":6},"end":{"line":167,"column":64}},"54":{"start":{"line":172,"column":19},"end":{"line":176,"column":55}},"55":{"start":{"line":177,"column":4},"end":{"line":181,"column":5}},"56":{"start":{"line":178,"column":6},"end":{"line":178,"column":46}},"57":{"start":{"line":180,"column":6},"end":{"line":180,"column":64}},"58":{"start":{"line":185,"column":0},"end":{"line":185,"column":22}}},"fnMap":{"0":{"name":"(anonymous_0)","decl":{"start":{"line":9,"column":2},"end":{"line":9,"column":3}},"loc":{"start":{"line":9,"column":53},"end":{"line":14,"column":3}},"line":9},"1":{"name":"(anonymous_1)","decl":{"start":{"line":24,"column":2},"end":{"line":24,"column":3}},"loc":{"start":{"line":24,"column":32},"end":{"line":37,"column":3}},"line":24},"2":{"name":"(anonymous_2)","decl":{"start":{"line":34,"column":27},"end":{"line":34,"column":28}},"loc":{"start":{"line":34,"column":34},"end":{"line":36,"column":5}},"line":34},"3":{"name":"(anonymous_3)","decl":{"start":{"line":39,"column":2},"end":{"line":39,"column":3}},"loc":{"start":{"line":39,"column":34},"end":{"line":52,"column":3}},"line":39},"4":{"name":"(anonymous_4)","decl":{"start":{"line":49,"column":27},"end":{"line":49,"column":28}},"loc":{"start":{"line":49,"column":34},"end":{"line":51,"column":5}},"line":49},"5":{"name":"(anonymous_5)","decl":{"start":{"line":61,"column":2},"end":{"line":61,"column":3}},"loc":{"start":{"line":61,"column":36},"end":{"line":71,"column":3}},"line":61},"6":{"name":"(anonymous_6)","decl":{"start":{"line":83,"column":2},"end":{"line":83,"column":3}},"loc":{"start":{"line":83,"column":77},"end":{"line":103,"column":3}},"line":83},"7":{"name":"(anonymous_7)","decl":{"start":{"line":113,"column":2},"end":{"line":113,"column":3}},"loc":{"start":{"line":113,"column":66},"end":{"line":117,"column":3}},"line":113},"8":{"name":"(anonymous_8)","decl":{"start":{"line":119,"column":2},"end":{"line":119,"column":3}},"loc":{"start":{"line":119,"column":46},"end":{"line":134,"column":3}},"line":119},"9":{"name":"(anonymous_9)","decl":{"start":{"line":136,"column":2},"end":{"line":136,"column":3}},"loc":{"start":{"line":136,"column":48},"end":{"line":154,"column":3}},"line":136},"10":{"name":"(anonymous_10)","decl":{"start":{"line":158,"column":2},"end":{"line":158,"column":3}},"loc":{"start":{"line":158,"column":17},"end":{"line":169,"column":3}},"line":158},"11":{"name":"(anonymous_11)","decl":{"start":{"line":171,"column":2},"end":{"line":171,"column":3}},"loc":{"start":{"line":171,"column":15},"end":{"line":182,"column":3}},"line":171}},"branchMap":{"0":{"loc":{"start":{"line":13,"column":4},"end":{"line":13,"column":48}},"type":"if","locations":[{"start":{"line":13,"column":4},"end":{"line":13,"column":48}},{"start":{"line":13,"column":4},"end":{"line":13,"column":48}}],"line":13},"1":{"loc":{"start":{"line":68,"column":4},"end":{"line":70,"column":5}},"type":"if","locations":[{"start":{"line":68,"column":4},"end":{"line":70,"column":5}},{"start":{"line":68,"column":4},"end":{"line":70,"column":5}}],"line":68},"2":{"loc":{"start":{"line":83,"column":64},"end":{"line":83,"column":75}},"type":"default-arg","locations":[{"start":{"line":83,"column":70},"end":{"line":83,"column":75}}],"line":83},"3":{"loc":{"start":{"line":88,"column":26},"end":{"line":88,"column":66}},"type":"cond-expr","locations":[{"start":{"line":88,"column":42},"end":{"line":88,"column":61}},{"start":{"line":88,"column":64},"end":{"line":88,"column":66}}],"line":88},"4":{"loc":{"start":{"line":89,"column":30},"end":{"line":89,"column":57}},"type":"cond-expr","locations":[{"start":{"line":89,"column":46},"end":{"line":89,"column":52}},{"start":{"line":89,"column":55},"end":{"line":89,"column":57}}],"line":89},"5":{"loc":{"start":{"line":93,"column":4},"end":{"line":93,"column":54}},"type":"if","locations":[{"start":{"line":93,"column":4},"end":{"line":93,"column":54}},{"start":{"line":93,"column":4},"end":{"line":93,"column":54}}],"line":93},"6":{"loc":{"start":{"line":122,"column":4},"end":{"line":133,"column":5}},"type":"if","locations":[{"start":{"line":122,"column":4},"end":{"line":133,"column":5}},{"start":{"line":122,"column":4},"end":{"line":133,"column":5}}],"line":122},"7":{"loc":{"start":{"line":124,"column":6},"end":{"line":130,"column":7}},"type":"if","locations":[{"start":{"line":124,"column":6},"end":{"line":130,"column":7}},{"start":{"line":124,"column":6},"end":{"line":130,"column":7}}],"line":124},"8":{"loc":{"start":{"line":124,"column":10},"end":{"line":124,"column":76}},"type":"binary-expr","locations":[{"start":{"line":124,"column":10},"end":{"line":124,"column":44}},{"start":{"line":124,"column":48},"end":{"line":124,"column":76}}],"line":124},"9":{"loc":{"start":{"line":126,"column":13},"end":{"line":130,"column":7}},"type":"if","locations":[{"start":{"line":126,"column":13},"end":{"line":130,"column":7}},{"start":{"line":126,"column":13},"end":{"line":130,"column":7}}],"line":126},"10":{"loc":{"start":{"line":143,"column":4},"end":{"line":152,"column":5}},"type":"if","locations":[{"start":{"line":143,"column":4},"end":{"line":152,"column":5}},{"start":{"line":143,"column":4},"end":{"line":152,"column":5}}],"line":143},"11":{"loc":{"start":{"line":146,"column":6},"end":{"line":151,"column":7}},"type":"if","locations":[{"start":{"line":146,"column":6},"end":{"line":151,"column":7}},{"start":{"line":146,"column":6},"end":{"line":151,"column":7}}],"line":146},"12":{"loc":{"start":{"line":164,"column":4},"end":{"line":168,"column":5}},"type":"if","locations":[{"start":{"line":164,"column":4},"end":{"line":168,"column":5}},{"start":{"line":164,"column":4},"end":{"line":168,"column":5}}],"line":164},"13":{"loc":{"start":{"line":177,"column":4},"end":{"line":181,"column":5}},"type":"if","locations":[{"start":{"line":177,"column":4},"end":{"line":181,"column":5}},{"start":{"line":177,"column":4},"end":{"line":181,"column":5}}],"line":177}},"s":{"0":7,"1":7,"2":7,"3":7,"4":7,"5":348,"6":348,"7":348,"8":348,"9":339,"10":6,"11":6,"12":6,"13":6,"14":2,"15":2,"16":2,"17":1,"18":44,"19":44,"20":44,"21":27,"22":164,"23":164,"24":164,"25":164,"26":164,"27":162,"28":164,"29":164,"30":164,"31":10,"32":10,"33":10,"34":15,"35":15,"36":5,"37":3,"38":2,"39":1,"40":1,"41":5,"42":7,"43":7,"44":7,"45":5,"46":5,"47":5,"48":3,"49":4,"50":5,"51":5,"52":5,"53":0,"54":6,"55":6,"56":6,"57":0,"58":7},"f":{"0":348,"1":6,"2":6,"3":2,"4":1,"5":44,"6":164,"7":10,"8":15,"9":7,"10":5,"11":6},"b":{"0":[339,9],"1":[27,17],"2":[11],"3":[162,2],"4":[162,2],"5":[162,2],"6":[5,10],"7":[3,2],"8":[5,4],"9":[1,1],"10":[5,2],"11":[3,2],"12":[5,0],"13":[6,0]},"_coverageSchema":"1a1c01bbd47fc00a2c39e90264f33305004495a9","hash":"a98469071e987b1c9e4f49c7f699526220846c3c"}
,"/Users/DB/Documents/SPRINGBOARD/music-club/mc-backend/models/UserClub.js": {"path":"/Users/DB/Documents/SPRINGBOARD/music-club/mc-backend/models/UserClub.js","statementMap":{"0":{"start":{"line":1,"column":11},"end":{"line":1,"column":27}},"1":{"start":{"line":2,"column":34},"end":{"line":2,"column":59}},"2":{"start":{"line":6,"column":4},"end":{"line":6,"column":29}},"3":{"start":{"line":7,"column":4},"end":{"line":7,"column":25}},"4":{"start":{"line":13,"column":20},"end":{"line":13,"column":59}},"5":{"start":{"line":14,"column":19},"end":{"line":18,"column":26}},"6":{"start":{"line":19,"column":4},"end":{"line":21,"column":7}},"7":{"start":{"line":20,"column":6},"end":{"line":20,"column":52}},"8":{"start":{"line":25,"column":19},"end":{"line":29,"column":26}},"9":{"start":{"line":30,"column":21},"end":{"line":30,"column":35}},"10":{"start":{"line":31,"column":4},"end":{"line":33,"column":5}},"11":{"start":{"line":32,"column":6},"end":{"line":32,"column":61}},"12":{"start":{"line":37,"column":19},"end":{"line":41,"column":26}},"13":{"start":{"line":42,"column":21},"end":{"line":42,"column":35}},"14":{"start":{"line":43,"column":4},"end":{"line":45,"column":5}},"15":{"start":{"line":44,"column":6},"end":{"line":44,"column":61}},"16":{"start":{"line":51,"column":19},"end":{"line":55,"column":36}},"17":{"start":{"line":56,"column":20},"end":{"line":56,"column":34}},"18":{"start":{"line":57,"column":4},"end":{"line":61,"column":5}},"19":{"start":{"line":58,"column":6},"end":{"line":58,"column":76}},"20":{"start":{"line":60,"column":6},"end":{"line":60,"column":84}},"21":{"start":{"line":66,"column":0},"end":{"line":66,"column":26}}},"fnMap":{"0":{"name":"(anonymous_0)","decl":{"start":{"line":5,"column":2},"end":{"line":5,"column":3}},"loc":{"start":{"line":5,"column":32},"end":{"line":8,"column":3}},"line":5},"1":{"name":"(anonymous_1)","decl":{"start":{"line":12,"column":2},"end":{"line":12,"column":3}},"loc":{"start":{"line":12,"column":40},"end":{"line":22,"column":3}},"line":12},"2":{"name":"(anonymous_2)","decl":{"start":{"line":19,"column":27},"end":{"line":19,"column":28}},"loc":{"start":{"line":19,"column":34},"end":{"line":21,"column":5}},"line":19},"3":{"name":"(anonymous_3)","decl":{"start":{"line":24,"column":2},"end":{"line":24,"column":3}},"loc":{"start":{"line":24,"column":37},"end":{"line":34,"column":3}},"line":24},"4":{"name":"(anonymous_4)","decl":{"start":{"line":36,"column":2},"end":{"line":36,"column":3}},"loc":{"start":{"line":36,"column":40},"end":{"line":46,"column":3}},"line":36},"5":{"name":"(anonymous_5)","decl":{"start":{"line":50,"column":2},"end":{"line":50,"column":3}},"loc":{"start":{"line":50,"column":17},"end":{"line":62,"column":3}},"line":50}},"branchMap":{"0":{"loc":{"start":{"line":31,"column":4},"end":{"line":33,"column":5}},"type":"if","locations":[{"start":{"line":31,"column":4},"end":{"line":33,"column":5}},{"start":{"line":31,"column":4},"end":{"line":33,"column":5}}],"line":31},"1":{"loc":{"start":{"line":43,"column":4},"end":{"line":45,"column":5}},"type":"if","locations":[{"start":{"line":43,"column":4},"end":{"line":45,"column":5}},{"start":{"line":43,"column":4},"end":{"line":45,"column":5}}],"line":43},"2":{"loc":{"start":{"line":57,"column":4},"end":{"line":61,"column":5}},"type":"if","locations":[{"start":{"line":57,"column":4},"end":{"line":61,"column":5}},{"start":{"line":57,"column":4},"end":{"line":61,"column":5}}],"line":57}},"s":{"0":7,"1":7,"2":314,"3":314,"4":4,"5":4,"6":4,"7":4,"8":14,"9":14,"10":14,"11":8,"12":153,"13":153,"14":153,"15":153,"16":3,"17":3,"18":3,"19":2,"20":1,"21":7},"f":{"0":314,"1":4,"2":4,"3":14,"4":153,"5":3},"b":{"0":[8,6],"1":[153,0],"2":[2,1]},"_coverageSchema":"1a1c01bbd47fc00a2c39e90264f33305004495a9","hash":"a1dccb169e7427e3ab41c382901751be36f4c10f"}
,"/Users/DB/Documents/SPRINGBOARD/music-club/mc-backend/models/Vote.js": {"path":"/Users/DB/Documents/SPRINGBOARD/music-club/mc-backend/models/Vote.js","statementMap":{"0":{"start":{"line":1,"column":11},"end":{"line":1,"column":27}},"1":{"start":{"line":2,"column":30},"end":{"line":2,"column":55}},"2":{"start":{"line":6,"column":4},"end":{"line":6,"column":25}},"3":{"start":{"line":7,"column":4},"end":{"line":7,"column":29}},"4":{"start":{"line":8,"column":4},"end":{"line":8,"column":23}},"5":{"start":{"line":14,"column":20},"end":{"line":14,"column":55}},"6":{"start":{"line":15,"column":19},"end":{"line":19,"column":26}},"7":{"start":{"line":20,"column":4},"end":{"line":22,"column":6}},"8":{"start":{"line":21,"column":6},"end":{"line":21,"column":62}},"9":{"start":{"line":26,"column":19},"end":{"line":30,"column":26}},"10":{"start":{"line":31,"column":17},"end":{"line":31,"column":31}},"11":{"start":{"line":32,"column":4},"end":{"line":34,"column":5}},"12":{"start":{"line":33,"column":6},"end":{"line":33,"column":62}},"13":{"start":{"line":38,"column":19},"end":{"line":42,"column":33}},"14":{"start":{"line":43,"column":17},"end":{"line":43,"column":31}},"15":{"start":{"line":44,"column":4},"end":{"line":44,"column":60}},"16":{"start":{"line":50,"column":19},"end":{"line":55,"column":48}},"17":{"start":{"line":56,"column":4},"end":{"line":61,"column":5}},"18":{"start":{"line":57,"column":27},"end":{"line":57,"column":73}},"19":{"start":{"line":58,"column":6},"end":{"line":58,"column":125}},"20":{"start":{"line":60,"column":6},"end":{"line":60,"column":80}},"21":{"start":{"line":65,"column":19},"end":{"line":69,"column":36}},"22":{"start":{"line":70,"column":4},"end":{"line":74,"column":5}},"23":{"start":{"line":71,"column":6},"end":{"line":71,"column":84}},"24":{"start":{"line":73,"column":6},"end":{"line":73,"column":80}},"25":{"start":{"line":78,"column":0},"end":{"line":78,"column":22}}},"fnMap":{"0":{"name":"(anonymous_0)","decl":{"start":{"line":5,"column":2},"end":{"line":5,"column":3}},"loc":{"start":{"line":5,"column":39},"end":{"line":9,"column":3}},"line":5},"1":{"name":"(anonymous_1)","decl":{"start":{"line":13,"column":2},"end":{"line":13,"column":3}},"loc":{"start":{"line":13,"column":40},"end":{"line":23,"column":3}},"line":13},"2":{"name":"(anonymous_2)","decl":{"start":{"line":20,"column":27},"end":{"line":20,"column":28}},"loc":{"start":{"line":20,"column":35},"end":{"line":22,"column":5}},"line":20},"3":{"name":"(anonymous_3)","decl":{"start":{"line":25,"column":2},"end":{"line":25,"column":3}},"loc":{"start":{"line":25,"column":37},"end":{"line":35,"column":3}},"line":25},"4":{"name":"(anonymous_4)","decl":{"start":{"line":37,"column":2},"end":{"line":37,"column":3}},"loc":{"start":{"line":37,"column":47},"end":{"line":45,"column":3}},"line":37},"5":{"name":"(anonymous_5)","decl":{"start":{"line":49,"column":2},"end":{"line":49,"column":3}},"loc":{"start":{"line":49,"column":15},"end":{"line":62,"column":3}},"line":49},"6":{"name":"(anonymous_6)","decl":{"start":{"line":64,"column":2},"end":{"line":64,"column":3}},"loc":{"start":{"line":64,"column":17},"end":{"line":75,"column":3}},"line":64}},"branchMap":{"0":{"loc":{"start":{"line":32,"column":4},"end":{"line":34,"column":5}},"type":"if","locations":[{"start":{"line":32,"column":4},"end":{"line":34,"column":5}},{"start":{"line":32,"column":4},"end":{"line":34,"column":5}}],"line":32},"1":{"loc":{"start":{"line":56,"column":4},"end":{"line":61,"column":5}},"type":"if","locations":[{"start":{"line":56,"column":4},"end":{"line":61,"column":5}},{"start":{"line":56,"column":4},"end":{"line":61,"column":5}}],"line":56},"2":{"loc":{"start":{"line":57,"column":27},"end":{"line":57,"column":73}},"type":"cond-expr","locations":[{"start":{"line":57,"column":50},"end":{"line":57,"column":59}},{"start":{"line":57,"column":62},"end":{"line":57,"column":73}}],"line":57},"3":{"loc":{"start":{"line":70,"column":4},"end":{"line":74,"column":5}},"type":"if","locations":[{"start":{"line":70,"column":4},"end":{"line":74,"column":5}},{"start":{"line":70,"column":4},"end":{"line":74,"column":5}}],"line":70}},"s":{"0":2,"1":2,"2":0,"3":0,"4":0,"5":0,"6":0,"7":0,"8":0,"9":0,"10":0,"11":0,"12":0,"13":0,"14":0,"15":0,"16":0,"17":0,"18":0,"19":0,"20":0,"21":0,"22":0,"23":0,"24":0,"25":2},"f":{"0":0,"1":0,"2":0,"3":0,"4":0,"5":0,"6":0},"b":{"0":[0,0],"1":[0,0],"2":[0,0],"3":[0,0]},"_coverageSchema":"1a1c01bbd47fc00a2c39e90264f33305004495a9","hash":"34d106dad00d27b28299e184b6ac029038c568d7"}
,"/Users/DB/Documents/SPRINGBOARD/music-club/mc-backend/routes/clubs.js": {"path":"/Users/DB/Documents/SPRINGBOARD/music-club/mc-backend/routes/clubs.js","statementMap":{"0":{"start":{"line":1,"column":16},"end":{"line":1,"column":34}},"1":{"start":{"line":3,"column":62},"end":{"line":3,"column":90}},"2":{"start":{"line":4,"column":28},"end":{"line":4,"column":60}},"3":{"start":{"line":5,"column":13},"end":{"line":5,"column":38}},"4":{"start":{"line":6,"column":13},"end":{"line":6,"column":38}},"5":{"start":{"line":7,"column":22},"end":{"line":7,"column":56}},"6":{"start":{"line":8,"column":25},"end":{"line":8,"column":62}},"7":{"start":{"line":9,"column":25},"end":{"line":9,"column":62}},"8":{"start":{"line":10,"column":22},"end":{"line":10,"column":56}},"9":{"start":{"line":11,"column":26},"end":{"line":11,"column":66}},"10":{"start":{"line":12,"column":27},"end":{"line":12,"column":56}},"11":{"start":{"line":13,"column":14},"end":{"line":13,"column":40}},"12":{"start":{"line":14,"column":23},"end":{"line":14,"column":60}},"13":{"start":{"line":15,"column":13},"end":{"line":15,"column":38}},"14":{"start":{"line":17,"column":15},"end":{"line":17,"column":35}},"15":{"start":{"line":19,"column":0},"end":{"line":38,"column":3}},"16":{"start":{"line":20,"column":2},"end":{"line":37,"column":3}},"17":{"start":{"line":22,"column":4},"end":{"line":28,"column":5}},"18":{"start":{"line":23,"column":6},"end":{"line":27,"column":7}},"19":{"start":{"line":24,"column":8},"end":{"line":24,"column":34}},"20":{"start":{"line":25,"column":13},"end":{"line":27,"column":7}},"21":{"start":{"line":26,"column":8},"end":{"line":26,"column":35}},"22":{"start":{"line":31,"column":4},"end":{"line":31,"column":49}},"23":{"start":{"line":33,"column":18},"end":{"line":33,"column":77}},"24":{"start":{"line":34,"column":4},"end":{"line":34,"column":31}},"25":{"start":{"line":36,"column":4},"end":{"line":36,"column":12}},"26":{"start":{"line":40,"column":0},"end":{"line":54,"column":3}},"27":{"start":{"line":41,"column":2},"end":{"line":53,"column":3}},"28":{"start":{"line":42,"column":19},"end":{"line":42,"column":46}},"29":{"start":{"line":43,"column":4},"end":{"line":45,"column":5}},"30":{"start":{"line":44,"column":6},"end":{"line":44,"column":62}},"31":{"start":{"line":46,"column":17},"end":{"line":46,"column":39}},"32":{"start":{"line":47,"column":4},"end":{"line":49,"column":5}},"33":{"start":{"line":48,"column":6},"end":{"line":48,"column":67}},"34":{"start":{"line":50,"column":4},"end":{"line":50,"column":29}},"35":{"start":{"line":52,"column":4},"end":{"line":52,"column":19}},"36":{"start":{"line":56,"column":0},"end":{"line":75,"column":3}},"37":{"start":{"line":57,"column":2},"end":{"line":74,"column":3}},"38":{"start":{"line":58,"column":4},"end":{"line":58,"column":45}},"39":{"start":{"line":60,"column":67},"end":{"line":60,"column":75}},"40":{"start":{"line":63,"column":24},"end":{"line":63,"column":47}},"41":{"start":{"line":64,"column":4},"end":{"line":66,"column":5}},"42":{"start":{"line":65,"column":6},"end":{"line":65,"column":96}},"43":{"start":{"line":68,"column":20},"end":{"line":68,"column":93}},"44":{"start":{"line":69,"column":19},"end":{"line":69,"column":75}},"45":{"start":{"line":71,"column":4},"end":{"line":71,"column":45}},"46":{"start":{"line":73,"column":4},"end":{"line":73,"column":19}},"47":{"start":{"line":77,"column":0},"end":{"line":114,"column":3}},"48":{"start":{"line":78,"column":2},"end":{"line":113,"column":3}},"49":{"start":{"line":80,"column":19},"end":{"line":80,"column":46}},"50":{"start":{"line":81,"column":4},"end":{"line":83,"column":5}},"51":{"start":{"line":82,"column":6},"end":{"line":82,"column":62}},"52":{"start":{"line":84,"column":17},"end":{"line":84,"column":39}},"53":{"start":{"line":85,"column":4},"end":{"line":87,"column":5}},"54":{"start":{"line":86,"column":6},"end":{"line":86,"column":67}},"55":{"start":{"line":90,"column":4},"end":{"line":90,"column":54}},"56":{"start":{"line":91,"column":4},"end":{"line":91,"column":45}},"57":{"start":{"line":93,"column":46},"end":{"line":93,"column":54}},"58":{"start":{"line":96,"column":21},"end":{"line":96,"column":87}},"59":{"start":{"line":97,"column":4},"end":{"line":99,"column":5}},"60":{"start":{"line":98,"column":6},"end":{"line":98,"column":115}},"61":{"start":{"line":102,"column":16},"end":{"line":102,"column":42}},"62":{"start":{"line":103,"column":4},"end":{"line":106,"column":5}},"63":{"start":{"line":104,"column":27},"end":{"line":104,"column":76}},"64":{"start":{"line":105,"column":6},"end":{"line":105,"column":23}},"65":{"start":{"line":109,"column":20},"end":{"line":109,"column":95}},"66":{"start":{"line":110,"column":4},"end":{"line":110,"column":45}},"67":{"start":{"line":112,"column":4},"end":{"line":112,"column":19}},"68":{"start":{"line":116,"column":0},"end":{"line":144,"column":3}},"69":{"start":{"line":117,"column":2},"end":{"line":143,"column":3}},"70":{"start":{"line":118,"column":19},"end":{"line":118,"column":46}},"71":{"start":{"line":119,"column":4},"end":{"line":121,"column":5}},"72":{"start":{"line":120,"column":6},"end":{"line":120,"column":62}},"73":{"start":{"line":123,"column":17},"end":{"line":123,"column":39}},"74":{"start":{"line":125,"column":4},"end":{"line":127,"column":5}},"75":{"start":{"line":126,"column":6},"end":{"line":126,"column":67}},"76":{"start":{"line":130,"column":4},"end":{"line":130,"column":48}},"77":{"start":{"line":133,"column":4},"end":{"line":135,"column":5}},"78":{"start":{"line":134,"column":6},"end":{"line":134,"column":34}},"79":{"start":{"line":138,"column":20},"end":{"line":138,"column":37}},"80":{"start":{"line":140,"column":4},"end":{"line":140,"column":37}},"81":{"start":{"line":142,"column":4},"end":{"line":142,"column":12}},"82":{"start":{"line":146,"column":0},"end":{"line":165,"column":3}},"83":{"start":{"line":147,"column":2},"end":{"line":164,"column":3}},"84":{"start":{"line":148,"column":19},"end":{"line":148,"column":46}},"85":{"start":{"line":149,"column":4},"end":{"line":151,"column":5}},"86":{"start":{"line":150,"column":6},"end":{"line":150,"column":62}},"87":{"start":{"line":153,"column":17},"end":{"line":153,"column":39}},"88":{"start":{"line":155,"column":4},"end":{"line":157,"column":5}},"89":{"start":{"line":156,"column":6},"end":{"line":156,"column":67}},"90":{"start":{"line":159,"column":20},"end":{"line":159,"column":39}},"91":{"start":{"line":161,"column":4},"end":{"line":161,"column":33}},"92":{"start":{"line":163,"column":4},"end":{"line":163,"column":12}},"93":{"start":{"line":167,"column":0},"end":{"line":167,"column":24}}},"fnMap":{"0":{"name":"(anonymous_0)","decl":{"start":{"line":19,"column":16},"end":{"line":19,"column":17}},"loc":{"start":{"line":19,"column":47},"end":{"line":38,"column":1}},"line":19},"1":{"name":"(anonymous_1)","decl":{"start":{"line":40,"column":23},"end":{"line":40,"column":24}},"loc":{"start":{"line":40,"column":54},"end":{"line":54,"column":1}},"line":40},"2":{"name":"(anonymous_2)","decl":{"start":{"line":56,"column":17},"end":{"line":56,"column":18}},"loc":{"start":{"line":56,"column":48},"end":{"line":75,"column":1}},"line":56},"3":{"name":"(anonymous_3)","decl":{"start":{"line":77,"column":49},"end":{"line":77,"column":50}},"loc":{"start":{"line":77,"column":80},"end":{"line":114,"column":1}},"line":77},"4":{"name":"(anonymous_4)","decl":{"start":{"line":116,"column":25},"end":{"line":116,"column":26}},"loc":{"start":{"line":116,"column":57},"end":{"line":144,"column":1}},"line":116},"5":{"name":"(anonymous_5)","decl":{"start":{"line":146,"column":26},"end":{"line":146,"column":27}},"loc":{"start":{"line":146,"column":58},"end":{"line":165,"column":1}},"line":146}},"branchMap":{"0":{"loc":{"start":{"line":22,"column":4},"end":{"line":28,"column":5}},"type":"if","locations":[{"start":{"line":22,"column":4},"end":{"line":28,"column":5}},{"start":{"line":22,"column":4},"end":{"line":28,"column":5}}],"line":22},"1":{"loc":{"start":{"line":23,"column":6},"end":{"line":27,"column":7}},"type":"if","locations":[{"start":{"line":23,"column":6},"end":{"line":27,"column":7}},{"start":{"line":23,"column":6},"end":{"line":27,"column":7}}],"line":23},"2":{"loc":{"start":{"line":25,"column":13},"end":{"line":27,"column":7}},"type":"if","locations":[{"start":{"line":25,"column":13},"end":{"line":27,"column":7}},{"start":{"line":25,"column":13},"end":{"line":27,"column":7}}],"line":25},"3":{"loc":{"start":{"line":43,"column":4},"end":{"line":45,"column":5}},"type":"if","locations":[{"start":{"line":43,"column":4},"end":{"line":45,"column":5}},{"start":{"line":43,"column":4},"end":{"line":45,"column":5}}],"line":43},"4":{"loc":{"start":{"line":47,"column":4},"end":{"line":49,"column":5}},"type":"if","locations":[{"start":{"line":47,"column":4},"end":{"line":49,"column":5}},{"start":{"line":47,"column":4},"end":{"line":49,"column":5}}],"line":47},"5":{"loc":{"start":{"line":64,"column":4},"end":{"line":66,"column":5}},"type":"if","locations":[{"start":{"line":64,"column":4},"end":{"line":66,"column":5}},{"start":{"line":64,"column":4},"end":{"line":66,"column":5}}],"line":64},"6":{"loc":{"start":{"line":81,"column":4},"end":{"line":83,"column":5}},"type":"if","locations":[{"start":{"line":81,"column":4},"end":{"line":83,"column":5}},{"start":{"line":81,"column":4},"end":{"line":83,"column":5}}],"line":81},"7":{"loc":{"start":{"line":85,"column":4},"end":{"line":87,"column":5}},"type":"if","locations":[{"start":{"line":85,"column":4},"end":{"line":87,"column":5}},{"start":{"line":85,"column":4},"end":{"line":87,"column":5}}],"line":85},"8":{"loc":{"start":{"line":97,"column":4},"end":{"line":99,"column":5}},"type":"if","locations":[{"start":{"line":97,"column":4},"end":{"line":99,"column":5}},{"start":{"line":97,"column":4},"end":{"line":99,"column":5}}],"line":97},"9":{"loc":{"start":{"line":103,"column":4},"end":{"line":106,"column":5}},"type":"if","locations":[{"start":{"line":103,"column":4},"end":{"line":106,"column":5}},{"start":{"line":103,"column":4},"end":{"line":106,"column":5}}],"line":103},"10":{"loc":{"start":{"line":119,"column":4},"end":{"line":121,"column":5}},"type":"if","locations":[{"start":{"line":119,"column":4},"end":{"line":121,"column":5}},{"start":{"line":119,"column":4},"end":{"line":121,"column":5}}],"line":119},"11":{"loc":{"start":{"line":125,"column":4},"end":{"line":127,"column":5}},"type":"if","locations":[{"start":{"line":125,"column":4},"end":{"line":127,"column":5}},{"start":{"line":125,"column":4},"end":{"line":127,"column":5}}],"line":125},"12":{"loc":{"start":{"line":149,"column":4},"end":{"line":151,"column":5}},"type":"if","locations":[{"start":{"line":149,"column":4},"end":{"line":151,"column":5}},{"start":{"line":149,"column":4},"end":{"line":151,"column":5}}],"line":149},"13":{"loc":{"start":{"line":155,"column":4},"end":{"line":157,"column":5}},"type":"if","locations":[{"start":{"line":155,"column":4},"end":{"line":157,"column":5}},{"start":{"line":155,"column":4},"end":{"line":157,"column":5}}],"line":155}},"s":{"0":2,"1":2,"2":2,"3":2,"4":2,"5":2,"6":2,"7":2,"8":2,"9":2,"10":2,"11":2,"12":2,"13":2,"14":2,"15":2,"16":5,"17":5,"18":3,"19":2,"20":1,"21":0,"22":5,"23":4,"24":4,"25":1,"26":2,"27":3,"28":3,"29":3,"30":1,"31":2,"32":2,"33":1,"34":1,"35":2,"36":2,"37":6,"38":6,"39":3,"40":3,"41":3,"42":1,"43":2,"44":2,"45":2,"46":4,"47":2,"48":7,"49":7,"50":7,"51":1,"52":6,"53":6,"54":1,"55":5,"56":5,"57":4,"58":4,"59":4,"60":1,"61":3,"62":3,"63":1,"64":1,"65":3,"66":3,"67":4,"68":2,"69":6,"70":6,"71":6,"72":1,"73":5,"74":5,"75":1,"76":4,"77":2,"78":6,"79":2,"80":2,"81":4,"82":2,"83":4,"84":4,"85":4,"86":1,"87":3,"88":3,"89":1,"90":2,"91":2,"92":2,"93":2},"f":{"0":5,"1":3,"2":6,"3":7,"4":6,"5":4},"b":{"0":[3,2],"1":[2,1],"2":[0,1],"3":[1,2],"4":[1,1],"5":[1,2],"6":[1,6],"7":[1,5],"8":[1,3],"9":[1,2],"10":[1,5],"11":[1,4],"12":[1,3],"13":[1,2]},"_coverageSchema":"1a1c01bbd47fc00a2c39e90264f33305004495a9","hash":"6ad200e505edcf6fd2bbec34a1835a11f6574972"}
,"/Users/DB/Documents/SPRINGBOARD/music-club/mc-backend/routes/posts.js": {"path":"/Users/DB/Documents/SPRINGBOARD/music-club/mc-backend/routes/posts.js","statementMap":{"0":{"start":{"line":1,"column":16},"end":{"line":1,"column":34}},"1":{"start":{"line":3,"column":62},"end":{"line":3,"column":90}},"2":{"start":{"line":4,"column":13},"end":{"line":4,"column":38}},"3":{"start":{"line":5,"column":26},"end":{"line":5,"column":66}},"4":{"start":{"line":6,"column":20},"end":{"line":6,"column":54}},"5":{"start":{"line":7,"column":28},"end":{"line":7,"column":60}},"6":{"start":{"line":8,"column":27},"end":{"line":8,"column":56}},"7":{"start":{"line":9,"column":25},"end":{"line":9,"column":62}},"8":{"start":{"line":11,"column":15},"end":{"line":11,"column":35}},"9":{"start":{"line":15,"column":0},"end":{"line":23,"column":3}},"10":{"start":{"line":16,"column":2},"end":{"line":22,"column":3}},"11":{"start":{"line":17,"column":19},"end":{"line":17,"column":38}},"12":{"start":{"line":18,"column":18},"end":{"line":18,"column":43}},"13":{"start":{"line":19,"column":4},"end":{"line":19,"column":24}},"14":{"start":{"line":21,"column":4},"end":{"line":21,"column":12}},"15":{"start":{"line":25,"column":0},"end":{"line":39,"column":3}},"16":{"start":{"line":26,"column":2},"end":{"line":38,"column":3}},"17":{"start":{"line":27,"column":19},"end":{"line":27,"column":46}},"18":{"start":{"line":28,"column":4},"end":{"line":30,"column":5}},"19":{"start":{"line":29,"column":6},"end":{"line":29,"column":62}},"20":{"start":{"line":31,"column":17},"end":{"line":31,"column":39}},"21":{"start":{"line":32,"column":4},"end":{"line":34,"column":5}},"22":{"start":{"line":33,"column":6},"end":{"line":33,"column":67}},"23":{"start":{"line":35,"column":4},"end":{"line":35,"column":23}},"24":{"start":{"line":37,"column":4},"end":{"line":37,"column":12}},"25":{"start":{"line":42,"column":0},"end":{"line":78,"column":3}},"26":{"start":{"line":43,"column":2},"end":{"line":77,"column":3}},"27":{"start":{"line":45,"column":19},"end":{"line":45,"column":46}},"28":{"start":{"line":46,"column":4},"end":{"line":48,"column":5}},"29":{"start":{"line":47,"column":6},"end":{"line":47,"column":62}},"30":{"start":{"line":49,"column":17},"end":{"line":49,"column":39}},"31":{"start":{"line":50,"column":4},"end":{"line":52,"column":5}},"32":{"start":{"line":51,"column":6},"end":{"line":51,"column":67}},"33":{"start":{"line":55,"column":17},"end":{"line":55,"column":46}},"34":{"start":{"line":57,"column":4},"end":{"line":63,"column":5}},"35":{"start":{"line":58,"column":6},"end":{"line":58,"column":18}},"36":{"start":{"line":59,"column":11},"end":{"line":63,"column":5}},"37":{"start":{"line":60,"column":6},"end":{"line":60,"column":19}},"38":{"start":{"line":62,"column":6},"end":{"line":62,"column":82}},"39":{"start":{"line":66,"column":21},"end":{"line":66,"column":92}},"40":{"start":{"line":67,"column":4},"end":{"line":69,"column":5}},"41":{"start":{"line":68,"column":6},"end":{"line":68,"column":122}},"42":{"start":{"line":72,"column":20},"end":{"line":72,"column":82}},"43":{"start":{"line":74,"column":4},"end":{"line":74,"column":26}},"44":{"start":{"line":76,"column":4},"end":{"line":76,"column":12}},"45":{"start":{"line":80,"column":0},"end":{"line":100,"column":3}},"46":{"start":{"line":81,"column":2},"end":{"line":99,"column":3}},"47":{"start":{"line":82,"column":19},"end":{"line":82,"column":46}},"48":{"start":{"line":83,"column":4},"end":{"line":85,"column":5}},"49":{"start":{"line":84,"column":6},"end":{"line":84,"column":62}},"50":{"start":{"line":86,"column":17},"end":{"line":86,"column":39}},"51":{"start":{"line":87,"column":4},"end":{"line":89,"column":5}},"52":{"start":{"line":88,"column":6},"end":{"line":88,"column":67}},"53":{"start":{"line":91,"column":4},"end":{"line":91,"column":48}},"54":{"start":{"line":93,"column":4},"end":{"line":93,"column":64}},"55":{"start":{"line":93,"column":28},"end":{"line":93,"column":64}},"56":{"start":{"line":94,"column":4},"end":{"line":94,"column":58}},"57":{"start":{"line":94,"column":26},"end":{"line":94,"column":58}},"58":{"start":{"line":95,"column":16},"end":{"line":95,"column":33}},"59":{"start":{"line":96,"column":4},"end":{"line":96,"column":37}},"60":{"start":{"line":98,"column":4},"end":{"line":98,"column":12}},"61":{"start":{"line":102,"column":0},"end":{"line":118,"column":3}},"62":{"start":{"line":103,"column":2},"end":{"line":117,"column":3}},"63":{"start":{"line":104,"column":19},"end":{"line":104,"column":46}},"64":{"start":{"line":105,"column":4},"end":{"line":107,"column":5}},"65":{"start":{"line":106,"column":6},"end":{"line":106,"column":62}},"66":{"start":{"line":108,"column":17},"end":{"line":108,"column":39}},"67":{"start":{"line":109,"column":4},"end":{"line":111,"column":5}},"68":{"start":{"line":110,"column":6},"end":{"line":110,"column":67}},"69":{"start":{"line":113,"column":16},"end":{"line":113,"column":35}},"70":{"start":{"line":114,"column":4},"end":{"line":114,"column":31}},"71":{"start":{"line":116,"column":4},"end":{"line":116,"column":11}},"72":{"start":{"line":120,"column":0},"end":{"line":120,"column":24}}},"fnMap":{"0":{"name":"(anonymous_0)","decl":{"start":{"line":15,"column":16},"end":{"line":15,"column":17}},"loc":{"start":{"line":15,"column":47},"end":{"line":23,"column":1}},"line":15},"1":{"name":"(anonymous_1)","decl":{"start":{"line":25,"column":23},"end":{"line":25,"column":24}},"loc":{"start":{"line":25,"column":54},"end":{"line":39,"column":1}},"line":25},"2":{"name":"(anonymous_2)","decl":{"start":{"line":42,"column":51},"end":{"line":42,"column":52}},"loc":{"start":{"line":42,"column":82},"end":{"line":78,"column":1}},"line":42},"3":{"name":"(anonymous_3)","decl":{"start":{"line":80,"column":25},"end":{"line":80,"column":26}},"loc":{"start":{"line":80,"column":56},"end":{"line":100,"column":1}},"line":80},"4":{"name":"(anonymous_4)","decl":{"start":{"line":102,"column":26},"end":{"line":102,"column":27}},"loc":{"start":{"line":102,"column":57},"end":{"line":118,"column":1}},"line":102}},"branchMap":{"0":{"loc":{"start":{"line":28,"column":4},"end":{"line":30,"column":5}},"type":"if","locations":[{"start":{"line":28,"column":4},"end":{"line":30,"column":5}},{"start":{"line":28,"column":4},"end":{"line":30,"column":5}}],"line":28},"1":{"loc":{"start":{"line":32,"column":4},"end":{"line":34,"column":5}},"type":"if","locations":[{"start":{"line":32,"column":4},"end":{"line":34,"column":5}},{"start":{"line":32,"column":4},"end":{"line":34,"column":5}}],"line":32},"2":{"loc":{"start":{"line":46,"column":4},"end":{"line":48,"column":5}},"type":"if","locations":[{"start":{"line":46,"column":4},"end":{"line":48,"column":5}},{"start":{"line":46,"column":4},"end":{"line":48,"column":5}}],"line":46},"3":{"loc":{"start":{"line":50,"column":4},"end":{"line":52,"column":5}},"type":"if","locations":[{"start":{"line":50,"column":4},"end":{"line":52,"column":5}},{"start":{"line":50,"column":4},"end":{"line":52,"column":5}}],"line":50},"4":{"loc":{"start":{"line":57,"column":4},"end":{"line":63,"column":5}},"type":"if","locations":[{"start":{"line":57,"column":4},"end":{"line":63,"column":5}},{"
[...]
":4},"end":{"line":75,"column":11}},"44":{"start":{"line":79,"column":0},"end":{"line":98,"column":3}},"45":{"start":{"line":80,"column":2},"end":{"line":97,"column":3}},"46":{"start":{"line":82,"column":4},"end":{"line":82,"column":45}},"47":{"start":{"line":84,"column":69},"end":{"line":84,"column":77}},"48":{"start":{"line":87,"column":4},"end":{"line":91,"column":5}},"49":{"start":{"line":88,"column":6},"end":{"line":88,"column":48}},"50":{"start":{"line":90,"column":6},"end":{"line":90,"column":43}},"51":{"start":{"line":93,"column":20},"end":{"line":93,"column":86}},"52":{"start":{"line":94,"column":4},"end":{"line":94,"column":45}},"53":{"start":{"line":96,"column":4},"end":{"line":96,"column":19}},"54":{"start":{"line":104,"column":0},"end":{"line":118,"column":3}},"55":{"start":{"line":105,"column":2},"end":{"line":117,"column":3}},"56":{"start":{"line":107,"column":19},"end":{"line":107,"column":46}},"57":{"start":{"line":108,"column":4},"end":{"line":110,"column":5}},"58":{"start":{"line":109,"column":6},"end":{"line":109,"column":62}},"59":{"start":{"line":111,"column":25},"end":{"line":111,"column":35}},"60":{"start":{"line":113,"column":20},"end":{"line":113,"column":66}},"61":{"start":{"line":114,"column":4},"end":{"line":114,"column":45}},"62":{"start":{"line":116,"column":4},"end":{"line":116,"column":12}},"63":{"start":{"line":120,"column":0},"end":{"line":140,"column":3}},"64":{"start":{"line":121,"column":2},"end":{"line":139,"column":3}},"65":{"start":{"line":122,"column":17},"end":{"line":122,"column":52}},"66":{"start":{"line":124,"column":4},"end":{"line":126,"column":5}},"67":{"start":{"line":125,"column":6},"end":{"line":125,"column":72}},"68":{"start":{"line":129,"column":4},"end":{"line":129,"column":48}},"69":{"start":{"line":132,"column":4},"end":{"line":132,"column":46}},"70":{"start":{"line":133,"column":4},"end":{"line":133,"column":70}},"71":{"start":{"line":135,"column":20},"end":{"line":135,"column":37}},"72":{"start":{"line":136,"column":4},"end":{"line":136,"column":37}},"73":{"start":{"line":138,"column":4},"end":{"line":138,"column":19}},"74":{"start":{"line":142,"column":0},"end":{"line":153,"column":3}},"75":{"start":{"line":143,"column":2},"end":{"line":152,"column":3}},"76":{"start":{"line":144,"column":17},"end":{"line":144,"column":52}},"77":{"start":{"line":145,"column":4},"end":{"line":147,"column":5}},"78":{"start":{"line":146,"column":6},"end":{"line":146,"column":72}},"79":{"start":{"line":148,"column":20},"end":{"line":148,"column":39}},"80":{"start":{"line":149,"column":4},"end":{"line":149,"column":33}},"81":{"start":{"line":151,"column":4},"end":{"line":151,"column":19}},"82":{"start":{"line":155,"column":0},"end":{"line":155,"column":24}}},"fnMap":{"0":{"name":"(anonymous_0)","decl":{"start":{"line":14,"column":32},"end":{"line":14,"column":33}},"loc":{"start":{"line":14,"column":64},"end":{"line":21,"column":1}},"line":14},"1":{"name":"(anonymous_1)","decl":{"start":{"line":23,"column":48},"end":{"line":23,"column":49}},"loc":{"start":{"line":23,"column":80},"end":{"line":33,"column":1}},"line":23},"2":{"name":"(anonymous_2)","decl":{"start":{"line":35,"column":25},"end":{"line":35,"column":26}},"loc":{"start":{"line":35,"column":57},"end":{"line":56,"column":1}},"line":35},"3":{"name":"(anonymous_3)","decl":{"start":{"line":58,"column":22},"end":{"line":58,"column":23}},"loc":{"start":{"line":58,"column":54},"end":{"line":77,"column":1}},"line":58},"4":{"name":"(anonymous_4)","decl":{"start":{"line":79,"column":17},"end":{"line":79,"column":18}},"loc":{"start":{"line":79,"column":49},"end":{"line":98,"column":1}},"line":79},"5":{"name":"(anonymous_5)","decl":{"start":{"line":104,"column":44},"end":{"line":104,"column":45}},"loc":{"start":{"line":104,"column":76},"end":{"line":118,"column":1}},"line":104},"6":{"name":"(anonymous_6)","decl":{"start":{"line":120,"column":27},"end":{"line":120,"column":28}},"loc":{"start":{"line":120,"column":59},"end":{"line":140,"column":1}},"line":120},"7":{"name":"(anonymous_7)","decl":{"start":{"line":142,"column":28},"end":{"line":142,"column":29}},"loc":{"start":{"line":142,"column":60},"end":{"line":153,"column":1}},"line":142}},"branchMap":{"0":{"loc":{"start":{"line":26,"column":4},"end":{"line":28,"column":5}},"type":"if","locations":[{"start":{"line":26,"column":4},"end":{"line":28,"column":5}},{"start":{"line":26,"column":4},"end":{"line":28,"column":5}}],"line":26},"1":{"loc":{"start":{"line":84,"column":54},"end":{"line":84,"column":65}},"type":"default-arg","locations":[{"start":{"line":84,"column":60},"end":{"line":84,"column":65}}],"line":84},"2":{"loc":{"start":{"line":108,"column":4},"end":{"line":110,"column":5}},"type":"if","locations":[{"start":{"line":108,"column":4},"end":{"line":110,"column":5}},{"start":{"line":108,"column":4},"end":{"line":110,"column":5}}],"line":108},"3":{"loc":{"start":{"line":124,"column":4},"end":{"line":126,"column":5}},"type":"if","locations":[{"start":{"line":124,"column":4},"end":{"line":126,"column":5}},{"start":{"line":124,"column":4},"end":{"line":126,"column":5}}],"line":124},"4":{"loc":{"start":{"line":132,"column":17},"end":{"line":132,"column":45}},"type":"binary-expr","locations":[{"start":{"line":132,"column":17},"end":{"line":132,"column":31}},{"start":{"line":132,"column":35},"end":{"line":132,"column":45}}],"line":132},"5":{"loc":{"start":{"line":133,"column":25},"end":{"line":133,"column":69}},"type":"binary-expr","locations":[{"start":{"line":133,"column":25},"end":{"line":133,"column":47}},{"start":{"line":133,"column":51},"end":{"line":133,"column":69}}],"line":133},"6":{"loc":{"start":{"line":145,"column":4},"end":{"line":147,"column":5}},"type":"if","locations":[{"start":{"line":145,"column":4},"end":{"line":147,"column":5}},{"start":{"line":145,"column":4},"end":{"line":147,"column":5}}],"line":145}},"s":{"0":2,"1":2,"2":2,"3":2,"4":2,"5":2,"6":2,"7":2,"8":2,"9":2,"10":2,"11":3,"12":3,"13":3,"14":0,"15":2,"16":3,"17":3,"18":3,"19":1,"20":2,"21":1,"22":2,"23":13,"24":13,"25":8,"26":8,"27":8,"28":1,"29":7,"30":7,"31":7,"32":6,"33":2,"34":4,"35":4,"36":4,"37":4,"38":2,"39":2,"40":2,"41":2,"42":2,"43":2,"44":2,"45":7,"46":7,"47":3,"48":3,"49":3,"50":1,"51":2,"52":2,"53":5,"54":2,"55":5,"56":5,"57":5,"58":1,"59":4,"60":4,"61":3,"62":2,"63":2,"64":5,"65":5,"66":5,"67":1,"68":4,"69":2,"70":2,"71":2,"72":2,"73":3,"74":2,"75":3,"76":3,"77":3,"78":1,"79":2,"80":2,"81":1,"82":2},"f":{"0":3,"1":3,"2":13,"3":4,"4":7,"5":5,"6":5,"7":3},"b":{"0":[1,2],"1":[1],"2":[1,4],"3":[1,4],"4":[2,0],"5":[2,0],"6":[1,2]},"_coverageSchema":"1a1c01bbd47fc00a2c39e90264f33305004495a9","hash":"6a115d2548976ec1a2e09cd4efbfbac9164afad5"}
,"/Users/DB/Documents/SPRINGBOARD/music-club/mc-backend/services/DiscogsService.js": {"path":"/Users/DB/Documents/SPRINGBOARD/music-club/mc-backend/services/DiscogsService.js","statementMap":{"0":{"start":{"line":1,"column":14},"end":{"line":1,"column":30}},"1":{"start":{"line":2,"column":51},"end":{"line":2,"column":71}},"2":{"start":{"line":3,"column":14},"end":{"line":3,"column":40}},"3":{"start":{"line":4,"column":19},"end":{"line":4,"column":50}},"4":{"start":{"line":6,"column":22},"end":{"line":11,"column":1}},"5":{"start":{"line":13,"column":23},"end":{"line":13,"column":48}},"6":{"start":{"line":20,"column":4},"end":{"line":44,"column":5}},"7":{"start":{"line":22,"column":23},"end":{"line":22,"column":95}},"8":{"start":{"line":25,"column":24},"end":{"line":25,"column":37}},"9":{"start":{"line":26,"column":55},"end":{"line":26,"column":64}},"10":{"start":{"line":27,"column":31},"end":{"line":27,"column":73}},"11":{"start":{"line":27,"column":50},"end":{"line":27,"column":72}},"12":{"start":{"line":28,"column":28},"end":{"line":28,"column":48}},"13":{"start":{"line":31,"column":26},"end":{"line":31,"column":60}},"14":{"start":{"line":31,"column":48},"end":{"line":31,"column":59}},"15":{"start":{"line":32,"column":27},"end":{"line":32,"column":49}},"16":{"start":{"line":35,"column":23},"end":{"line":35,"column":94}},"17":{"start":{"line":37,"column":6},"end":{"line":37,"column":41}},"18":{"start":{"line":40,"column":27},"end":{"line":40,"column":73}},"19":{"start":{"line":41,"column":6},"end":{"line":41,"column":40}},"20":{"start":{"line":43,"column":6},"end":{"line":43,"column":13}},"21":{"start":{"line":48,"column":0},"end":{"line":48,"column":32}}},"fnMap":{"0":{"name":"(anonymous_0)","decl":{"start":{"line":19,"column":2},"end":{"line":19,"column":3}},"loc":{"start":{"line":19,"column":44},"end":{"line":45,"column":3}},"line":19},"1":{"name":"(anonymous_1)","decl":{"start":{"line":27,"column":43},"end":{"line":27,"column":44}},"loc":{"start":{"line":27,"column":50},"end":{"line":27,"column":72}},"line":27},"2":{"name":"(anonymous_2)","decl":{"start":{"line":31,"column":38},"end":{"line":31,"column":39}},"loc":{"start":{"line":31,"column":48},"end":{"line":31,"column":59}},"line":31}},"branchMap":{},"s":{"0":2,"1":2,"2":2,"3":2,"4":2,"5":2,"6":0,"7":0,"8":0,"9":0,"10":0,"11":0,"12":0,"13":0,"14":0,"15":0,"16":0,"17":0,"18":0,"19":0,"20":0,"21":2},"f":{"0":0,"1":0,"2":0},"b":{},"_coverageSchema":"1a1c01bbd47fc00a2c39e90264f33305004495a9","hash":"d4573eb9213d5283f8625095047e7e0d62940db3"}
,"/Users/DB/Documents/SPRINGBOARD/music-club/mc-backend/services/MembershipService.js": {"path":"/Users/DB/Documents/SPRINGBOARD/music-club/mc-backend/services/MembershipService.js","statementMap":{"0":{"start":{"line":1,"column":13},"end":{"line":1,"column":38}},"1":{"start":{"line":2,"column":13},"end":{"line":2,"column":38}},"2":{"start":{"line":3,"column":17},"end":{"line":3,"column":46}},"3":{"start":{"line":4,"column":57},"end":{"line":4,"column":85}},"4":{"start":{"line":10,"column":17},"end":{"line":10,"column":41}},"5":{"start":{"line":11,"column":4},"end":{"line":13,"column":5}},"6":{"start":{"line":12,"column":6},"end":{"line":12,"column":74}},"7":{"start":{"line":14,"column":17},"end":{"line":14,"column":39}},"8":{"start":{"line":15,"column":4},"end":{"line":17,"column":5}},"9":{"start":{"line":16,"column":6},"end":{"line":16,"column":67}},"10":{"start":{"line":20,"column":21},"end":{"line":20,"column":65}},"11":{"start":{"line":21,"column":4},"end":{"line":23,"column":5}},"12":{"start":{"line":22,"column":6},"end":{"line":22,"column":99}},"13":{"start":{"line":26,"column":24},"end":{"line":26,"column":63}},"14":{"start":{"line":27,"column":4},"end":{"line":31,"column":5}},"15":{"start":{"line":28,"column":6},"end":{"line":28,"column":90}},"16":{"start":{"line":30,"column":6},"end":{"line":30,"column":109}},"17":{"start":{"line":35,"column":29},"end":{"line":35,"column":65}},"18":{"start":{"line":36,"column":4},"end":{"line":36,"column":37}},"19":{"start":{"line":45,"column":24},"end":{"line":45,"column":72}},"20":{"start":{"line":47,"column":4},"end":{"line":47,"column":29}},"21":{"start":{"line":48,"column":4},"end":{"line":48,"column":104}},"22":{"start":{"line":52,"column":18},"end":{"line":52,"column":20}},"23":{"start":{"line":53,"column":24},"end":{"line":53,"column":64}},"24":{"start":{"line":54,"column":4},"end":{"line":57,"column":5}},"25":{"start":{"line":55,"column":26},"end":{"line":55,"column":76}},"26":{"start":{"line":55,"column":56},"end":{"line":55,"column":75}},"27":{"start":{"line":56,"column":6},"end":{"line":56,"column":48}},"28":{"start":{"line":58,"column":4},"end":{"line":58,"column":19}},"29":{"start":{"line":62,"column":0},"end":{"line":62,"column":35}}},"fnMap":{"0":{"name":"(anonymous_0)","decl":{"start":{"line":8,"column":2},"end":{"line":8,"column":3}},"loc":{"start":{"line":8,"column":38},"end":{"line":32,"column":3}},"line":8},"1":{"name":"(anonymous_1)","decl":{"start":{"line":34,"column":2},"end":{"line":34,"column":3}},"loc":{"start":{"line":34,"column":49},"end":{"line":37,"column":3}},"line":34},"2":{"name":"(anonymous_2)","decl":{"start":{"line":44,"column":2},"end":{"line":44,"column":3}},"loc":{"start":{"line":44,"column":41},"end":{"line":49,"column":3}},"line":44},"3":{"name":"(anonymous_3)","decl":{"start":{"line":51,"column":2},"end":{"line":51,"column":3}},"loc":{"start":{"line":51,"column":38},"end":{"line":59,"column":3}},"line":51},"4":{"name":"(anonymous_4)","decl":{"start":{"line":55,"column":42},"end":{"line":55,"column":43}},"loc":{"start":{"line":55,"column":56},"end":{"line":55,"column":75}},"line":55}},"branchMap":{"0":{"loc":{"start":{"line":11,"column":4},"end":{"line":13,"column":5}},"type":"if","locations":[{"start":{"line":11,"column":4},"end":{"line":13,"column":5}},{"start":{"line":11,"column":4},"end":{"line":13,"column":5}}],"line":11},"1":{"loc":{"start":{"line":15,"column":4},"end":{"line":17,"column":5}},"type":"if","locations":[{"start":{"line":15,"column":4},"end":{"line":17,"column":5}},{"start":{"line":15,"column":4},"end":{"line":17,"column":5}}],"line":15},"2":{"loc":{"start":{"line":21,"column":4},"end":{"line":23,"column":5}},"type":"if","locations":[{"start":{"line":21,"column":4},"end":{"line":23,"column":5}},{"start":{"line":21,"column":4},"end":{"line":23,"column":5}}],"line":21},"3":{"loc":{"start":{"line":27,"column":4},"end":{"line":31,"column":5}},"type":"if","locations":[{"start":{"line":27,"column":4},"end":{"line":31,"column":5}},{"start":{"line":27,"column":4},"end":{"line":31,"column":5}}],"line":27},"4":{"loc":{"start":{"line":54,"column":4},"end":{"line":57,"column":5}},"type":"if","locations":[{"start":{"line":54,"column":4},"end":{"line":57,"column":5}},{"start":{"line":54,"column":4},"end":{"line":57,"column":5}}],"line":54}},"s":{"0":7,"1":7,"2":7,"3":7,"4":4,"5":4,"6":0,"7":4,"8":4,"9":0,"10":4,"11":4,"12":1,"13":3,"14":3,"15":3,"16":0,"17":8,"18":8,"19":2,"20":2,"21":2,"22":0,"23":0,"24":0,"25":0,"26":0,"27":0,"28":0,"29":7},"f":{"0":4,"1":8,"2":2,"3":0,"4":0},"b":{"0":[0,4],"1":[0,4],"2":[1,3],"3":[3,0],"4":[0,0]},"_coverageSchema":"1a1c01bbd47fc00a2c39e90264f33305004495a9","hash":"13b47b16a49d2d88462e39e50dd22a4f594f5803"}
,"/Users/DB/Documents/SPRINGBOARD/music-club/mc-backend/services/VoteService.js": {"path":"/Users/DB/Documents/SPRINGBOARD/music-club/mc-backend/services/VoteService.js","statementMap":{"0":{"start":{"line":1,"column":13},"end":{"line":1,"column":38}},"1":{"start":{"line":6,"column":25},"end":{"line":6,"column":57}},"2":{"start":{"line":7,"column":4},"end":{"line":11,"column":5}},"3":{"start":{"line":9,"column":6},"end":{"line":9,"column":33}},"4":{"start":{"line":10,"column":6},"end":{"line":10,"column":39}},"5":{"start":{"line":12,"column":20},"end":{"line":12,"column":62}},"6":{"start":{"line":13,"column":25},"end":{"line":13,"column":64}},"7":{"start":{"line":14,"column":4},"end":{"line":14,"column":74}},"8":{"start":{"line":18,"column":0},"end":{"line":18,"column":29}}},"fnMap":{"0":{"name":"(anonymous_0)","decl":{"start":{"line":4,"column":2},"end":{"line":4,"column":3}},"loc":{"start":{"line":4,"column":51},"end":{"line":15,"column":3}},"line":4}},"branchMap":{"0":{"loc":{"start":{"line":7,"column":4},"end":{"line":11,"column":5}},"type":"if","locations":[{"start":{"line":7,"column":4},"end":{"line":11,"column":5}},{"start":{"line":7,"column":4},"end":{"line":11,"column":5}}],"line":7},"1":{"loc":{"start":{"line":13,"column":25},"end":{"line":13,"column":64}},"type":"cond-expr","locations":[{"start":{"line":13,"column":41},"end":{"line":13,"column":50}},{"start":{"line":13,"column":53},"end":{"line":13,"column":64}}],"line":13}},"s":{"0":2,"1":0,"2":0,"3":0,"4":0,"5":0,"6":0,"7":0,"8":2},"f":{"0":0},"b":{"0":[0,0],"1":[0,0]},"_coverageSchema":"1a1c01bbd47fc00a2c39e90264f33305004495a9","hash":"4ab4a650e3cb1684c173c7eb148d98e6981b85af"}
,"/Users/DB/Documents/SPRINGBOARD/music-club/mc-backend/tests/setup.js": {"path":"/Users/DB/Documents/SPRINGBOARD/music-club/mc-backend/tests/setup.js","statementMap":{"0":{"start":{"line":1,"column":11},"end":{"line":1,"column":27}},"1":{"start":{"line":2,"column":13},"end":{"line":2,"column":38}},"2":{"start":{"line":3,"column":13},"end":{"line":3,"column":38}},"3":{"start":{"line":4,"column":17},"end":{"line":4,"column":46}},"4":{"start":{"line":5,"column":30},"end":{"line":5,"column":56}},"5":{"start":{"line":6,"column":14},"end":{"line":6,"column":40}},"6":{"start":{"line":7,"column":13},"end":{"line":7,"column":38}},"7":{"start":{"line":10,"column":25},"end":{"line":10,"column":68}},"8":{"start":{"line":11,"column":24},"end":{"line":11,"column":68}},"9":{"start":{"line":14,"column":17},"end":{"line":18,"column":4}},"10":{"start":{"line":19,"column":20},"end":{"line":19,"column":34}},"11":{"start":{"line":20,"column":20},"end":{"line":20,"column":34}},"12":{"start":{"line":21,"column":16},"end":{"line":21,"column":103}},"13":{"start":{"line":22,"column":16},"end":{"line":22,"column":103}},"14":{"start":{"line":24,"column":21},"end":{"line":28,"column":4}},"15":{"start":{"line":29,"column":20},"end":{"line":29,"column":38}},"16":{"start":{"line":30,"column":20},"end":{"line":30,"column":38}},"17":{"start":{"line":31,"column":16},"end":{"line":31,"column":159}},"18":{"start":{"line":32,"column":16},"end":{"line":32,"column":159}},"19":{"start":{"line":35,"column":25},"end":{"line":39,"column":26}},"20":{"start":{"line":40,"column":24},"end":{"line":40,"column":46}},"21":{"start":{"line":41,"column":24},"end":{"line":41,"column":46}},"22":{"start":{"line":42,"column":20},"end":{"line":42,"column":78}},"23":{"start":{"line":43,"column":20},"end":{"line":43,"column":78}},"24":{"start":{"line":45,"column":22},"end":{"line":48,"column":92}},"25":{"start":{"line":49,"column":20},"end":{"line":49,"column":39}},"26":{"start":{"line":50,"column":17},"end":{"line":50,"column":121}},"27":{"start":{"line":52,"column":21},"end":{"line":56,"column":94}},"28":{"start":{"line":57,"column":20},"end":{"line":57,"column":38}},"29":{"start":{"line":58,"column":20},"end":{"line":58,"column":38}},"30":{"start":{"line":59,"column":16},"end":{"line":59,"column":167}},"31":{"start":{"line":60,"column":16},"end":{"line":60,"column":167}},"32":{"start":{"line":62,"column":2},"end":{"line":72,"column":3}},"33":{"start":{"line":76,"column":16},"end":{"line":76,"column":100}},"34":{"start":{"line":77,"column":16},"end":{"line":77,"column":101}},"35":{"start":{"line":78,"column":16},"end":{"line":78,"column":104}},"36":{"start":{"line":79,"column":16},"end":{"line":79,"column":105}},"37":{"start":{"line":80,"column":20},"end":{"line":80,"column":60}},"38":{"start":{"line":81,"column":20},"end":{"line":81,"column":60}},"39":{"start":{"line":82,"column":17},"end":{"line":82,"column":248}},"40":{"start":{"line":83,"column":2},"end":{"line":91,"column":3}},"41":{"start":{"line":95,"column":2},"end":{"line":95,"column":38}},"42":{"start":{"line":96,"column":2},"end":{"line":96,"column":38}},"43":{"start":{"line":97,"column":2},"end":{"line":97,"column":44}},"44":{"start":{"line":98,"column":2},"end":{"line":98,"column":39}},"45":{"start":{"line":101,"column":0},"end":{"line":107,"column":1}}},"fnMap":{"0":{"name":"seedDb","decl":{"start":{"line":13,"column":15},"end":{"line":13,"column":21}},"loc":{"start":{"line":13,"column":24},"end":{"line":73,"column":1}},"line":13},"1":{"name":"createTestObjects","decl":{"start":{"line":75,"column":15},"end":{"line":75,"column":32}},"loc":{"start":{"line":75,"column":35},"end":{"line":92,"column":1}},"line":75},"2":{"name":"clearDb","decl":{"start":{"line":94,"column":15},"end":{"line":94,"column":22}},"loc":{"start":{"line":94,"column":25},"end":{"line":99,"column":1}},"line":94}},"branchMap":{},"s":{"0":7,"1":7,"2":7,"3":7,"4":7,"5":7,"6":7,"7":7,"8":7,"9":74,"10":74,"11":74,"12":74,"13":74,"14":74,"15":74,"16":74,"17":74,"18":74,"19":74,"20":74,"21":74,"22":74,"23":74,"24":74,"25":74,"26":74,"27":74,"28":74,"29":74,"30":74,"31":74,"32":74,"33":73,"34":73,"35":73,"36":73,"37":73,"38":73,"39":73,"40":73,"41":147,"42":147,"43":147,"44":147,"45":7},"f":{"0":74,"1":73,"2":147},"b":{},"_coverageSchema":"1a1c01bbd47fc00a2c39e90264f33305004495a9","hash":"d470124c7559d5f7b986720a3b8c40ac8a53a275"}
}
