TN:
SF:app.js
FN:26,(anonymous_0)
FNF:1
FNH:1
FNDA:40,(anonymous_0)
DA:1,2
DA:2,2
DA:3,2
DA:5,2
DA:6,2
DA:7,2
DA:8,2
DA:10,2
DA:13,2
DA:14,2
DA:15,2
DA:18,2
DA:21,2
DA:22,2
DA:23,2
DA:26,2
DA:27,40
DA:28,40
DA:29,40
DA:30,40
DA:31,18
DA:34,40
DA:39,2
LF:23
LH:23
BRDA:27,0,0,0
BRDA:27,0,1,40
BRDA:28,1,0,40
BRDA:28,1,1,0
BRDA:30,2,0,18
BRDA:30,2,1,22
BRF:6
BRH:4
end_of_record
TN:
SF:config.js
FN:12,getDatabaseUri
FNF:1
FNH:1
FNDA:7,getDatabaseUri
DA:1,7
DA:4,7
DA:7,7
DA:10,7
DA:13,7
DA:19,7
DA:24,7
DA:25,7
DA:27,7
LF:9
LH:9
BRDA:7,0,0,7
BRDA:7,0,1,0
BRDA:10,1,0,7
BRDA:10,1,1,0
BRDA:13,2,0,7
BRDA:13,2,1,0
BRDA:15,3,0,0
BRDA:15,3,1,0
BRF:8
BRH:3
end_of_record
TN:
SF:db.js
FNF:0
FNH:0
DA:1,7
DA:2,7
DA:4,7
DA:6,7
DA:8,7
LF:5
LH:5
BRF:0
BRH:0
end_of_record
TN:
SF:helpers/auth.js
FN:8,generateUserToken
FNF:1
FNH:1
FNDA:29,generateUserToken
DA:1,7
DA:2,7
DA:9,29
DA:15,7
LF:4
LH:4
BRF:0
BRH:0
end_of_record
TN:
SF:helpers/constants.js
FNF:0
FNH:0
DA:1,4
DA:3,4
DA:5,4
LF:3
LH:3
BRF:0
BRH:0
end_of_record
TN:
SF:helpers/errors.js
FN:8,(anonymous_0)
FN:20,(anonymous_1)
FN:26,(anonymous_2)
FN:32,(anonymous_3)
FN:38,(anonymous_4)
FNF:5
FNH:5
FNDA:40,(anonymous_0)
FNDA:7,(anonymous_1)
FNDA:27,(anonymous_2)
FNDA:2,(anonymous_3)
FNDA:4,(anonymous_4)
DA:9,40
DA:10,40
DA:11,40
DA:13,40
DA:14,0
DA:21,7
DA:27,27
DA:33,2
DA:39,4
DA:43,7
LF:10
LH:9
BRDA:13,0,0,0
BRDA:13,0,1,40
BRF:2
BRH:1
end_of_record
TN:
SF:helpers/sql.js
FN:1,handleUserFilters
FN:13,handleClubFilters
FN:26,handleUserClubFilters
FN:43,handleVoteFilters
FN:60,createParamList
FN:68,makeGenreValuesList
FN:71,commaOrValues
FN:74,(anonymous_7)
FN:81,getOptionalPostColumns
FN:101,addWhereOrAnd
FN:105,addWhereOrOr
FNF:11
FNH:7
FNDA:6,handleUserFilters
FNDA:8,handleClubFilters
FNDA:4,handleUserClubFilters
FNDA:0,handleVoteFilters
FNDA:2,createParamList
FNDA:0,makeGenreValuesList
FNDA:0,commaOrValues
FNDA:0,(anonymous_7)
FNDA:6,getOptionalPostColumns
FNDA:10,addWhereOrAnd
FNDA:2,addWhereOrOr
DA:2,6
DA:3,6
DA:4,6
DA:5,6
DA:6,4
DA:7,4
DA:8,4
DA:10,6
DA:14,8
DA:15,8
DA:16,8
DA:17,4
DA:19,8
DA:20,4
DA:21,4
DA:23,8
DA:27,4
DA:28,4
DA:29,4
DA:30,4
DA:31,2
DA:32,2
DA:33,2
DA:35,4
DA:36,2
DA:37,2
DA:38,2
DA:40,4
DA:44,0
DA:45,0
DA:46,0
DA:47,0
DA:48,0
DA:49,0
DA:50,0
DA:52,0
DA:53,0
DA:54,0
DA:55,0
DA:57,0
DA:61,2
DA:62,2
DA:63,2
DA:65,2
DA:69,0
DA:70,0
DA:72,0
DA:74,0
DA:75,0
DA:76,0
DA:78,0
DA:83,6
DA:84,6
DA:85,6
DA:86,6
DA:87,5
DA:88,5
DA:89,5
DA:90,5
DA:92,6
DA:93,5
DA:94,5
DA:95,5
DA:96,5
DA:98,6
DA:102,10
DA:106,2
DA:110,7
LF:68
LH:49
BRDA:5,0,0,4
BRDA:5,0,1,2
BRDA:16,1,0,4
BRDA:16,1,1,4
BRDA:19,2,0,4
BRDA:19,2,1,4
BRDA:30,3,0,2
BRDA:30,3,1,2
BRDA:35,4,0,2
BRDA:35,4,1,2
BRDA:47,5,0,0
BRDA:47,5,1,0
BRDA:52,6,0,0
BRDA:52,6,1,0
BRDA:72,7,0,0
BRDA:72,7,1,0
BRDA:86,8,0,5
BRDA:86,8,1,1
BRDA:92,9,0,5
BRDA:92,9,1,1
BRDA:102,10,0,3
BRDA:102,10,1,7
BRDA:106,11,0,0
BRDA:106,11,1,2
BRF:24
BRH:17
end_of_record
TN:
SF:helpers/validation.js
FN:9,validateRequest
FN:12,(anonymous_1)
FNF:2
FNH:2
FNDA:44,validateRequest
FNDA:18,(anonymous_1)
DA:1,2
DA:2,2
DA:10,44
DA:11,44
DA:12,18
DA:13,18
DA:17,2
LF:7
LH:7
BRDA:11,0,0,18
BRDA:11,0,1,26
BRF:2
BRH:2
end_of_record
TN:
SF:middleware/auth.js
FN:7,authenticateToken
FN:20,ensureAdmin
FN:28,ensureAdminOrSameUser
FN:36,ensureLoggedIn
FNF:4
FNH:3
FNDA:77,authenticateToken
FNDA:0,ensureAdmin
FNDA:4,ensureAdminOrSameUser
FNDA:12,ensureLoggedIn
DA:1,2
DA:2,2
DA:4,2
DA:5,2
DA:8,77
DA:9,77
DA:10,77
DA:11,63
DA:13,14
DA:14,14
DA:16,0
DA:21,0
DA:22,0
DA:23,0
DA:25,0
DA:29,4
DA:30,4
DA:31,1
DA:33,3
DA:37,12
DA:38,12
DA:39,2
DA:41,10
DA:44,2
LF:24
LH:19
BRDA:10,0,0,63
BRDA:10,0,1,14
BRDA:22,1,0,0
BRDA:22,1,1,0
BRDA:30,2,0,1
BRDA:30,2,1,3
BRDA:30,3,0,4
BRDA:30,3,1,2
BRDA:38,4,0,2
BRDA:38,4,1,10
BRF:10
BRH:8
end_of_record
TN:
SF:models/Album.js
FN:4,(anonymous_0)
FN:12,(anonymous_1)
FN:25,(anonymous_2)
FNF:3
FNH:3
FNDA:154,(anonymous_0)
FNDA:6,(anonymous_1)
FNDA:76,(anonymous_2)
DA:1,7
DA:5,154
DA:6,154
DA:7,154
DA:8,154
DA:9,154
DA:13,6
DA:18,6
DA:19,6
DA:20,4
DA:26,76
DA:31,76
DA:32,76
DA:36,7
LF:14
LH:14
BRDA:19,0,0,4
BRDA:19,0,1,2
BRF:2
BRH:2
end_of_record
TN:
SF:models/AlbumGenre.js
FN:5,(anonymous_0)
FN:10,(anonymous_1)
FN:25,(anonymous_2)
FN:33,(anonymous_3)
FNF:4
FNH:0
FNDA:0,(anonymous_0)
FNDA:0,(anonymous_1)
FNDA:0,(anonymous_2)
FNDA:0,(anonymous_3)
DA:1,2
DA:2,2
DA:6,0
DA:7,0
DA:11,0
DA:16,0
DA:17,0
DA:26,0
DA:27,0
DA:28,0
DA:33,0
DA:34,0
DA:39,2
LF:13
LH:3
BRF:0
BRH:0
end_of_record
TN:
SF:models/Club.js
FN:19,(anonymous_0)
FN:41,(anonymous_1)
FN:51,(anonymous_2)
FN:60,(anonymous_3)
FN:81,(anonymous_4)
FN:101,(anonymous_5)
FN:114,(anonymous_6)
FNF:7
FNH:7
FNDA:330,(anonymous_0)
FNDA:8,(anonymous_1)
FNDA:8,(anonymous_2)
FNDA:28,(anonymous_3)
FNDA:151,(anonymous_4)
FNDA:5,(anonymous_5)
FNDA:6,(anonymous_6)
DA:1,7
DA:2,7
DA:3,7
DA:4,7
DA:20,330
DA:21,330
DA:22,330
DA:23,330
DA:24,330
DA:26,330
DA:27,330
DA:28,330
DA:42,8
DA:44,8
DA:51,8
DA:52,8
DA:61,28
DA:72,28
DA:73,28
DA:76,21
DA:83,151
DA:84,151
DA:86,151
DA:87,151
DA:89,151
DA:95,151
DA:96,151
DA:102,5
DA:107,5
DA:108,5
DA:110,0
DA:115,6
DA:121,6
DA:122,6
DA:124,0
DA:129,7
LF:36
LH:34
BRDA:26,0,0,320
BRDA:26,0,1,10
BRDA:27,1,0,320
BRDA:27,1,1,10
BRDA:28,2,0,0
BRDA:28,2,1,330
BRDA:73,3,0,21
BRDA:73,3,1,7
BRDA:83,4,0,149
BRDA:83,4,1,2
BRDA:84,5,0,149
BRDA:84,5,1,2
BRDA:87,6,0,149
BRDA:87,6,1,2
BRDA:107,7,0,5
BRDA:107,7,1,0
BRDA:121,8,0,6
BRDA:121,8,1,0
BRF:18
BRH:15
end_of_record
TN:
SF:models/Post.js
FN:14,(anonymous_0)
FN:26,(anonymous_1)
FN:36,(anonymous_2)
FN:41,(anonymous_3)
FN:54,(anonymous_4)
FN:68,(anonymous_5)
FN:82,(anonymous_6)
FNF:7
FNH:7
FNDA:164,(anonymous_0)
FNDA:3,(anonymous_1)
FNDA:3,(anonymous_2)
FNDA:7,(anonymous_3)
FNDA:6,(anonymous_4)
FNDA:4,(anonymous_5)
FNDA:3,(anonymous_6)
DA:1,7
DA:2,7
DA:15,164
DA:16,164
DA:17,164
DA:18,164
DA:19,164
DA:20,164
DA:21,164
DA:27,3
DA:28,3
DA:30,3
DA:36,3
DA:37,3
DA:42,7
DA:47,7
DA:48,7
DA:49,5
DA:55,6
DA:56,6
DA:57,6
DA:62,6
DA:63,6
DA:69,4
DA:75,4
DA:76,4
DA:78,0
DA:83,3
DA:88,3
DA:89,3
DA:91,0
DA:96,7
LF:32
LH:30
BRDA:27,0,0,2
BRDA:27,0,1,1
BRDA:28,1,0,2
BRDA:28,1,1,1
BRDA:48,2,0,5
BRDA:48,2,1,2
BRDA:75,3,0,4
BRDA:75,3,1,0
BRDA:88,4,0,3
BRDA:88,4,1,0
BRF:10
BRH:8
end_of_record
TN:
SF:models/User.js
FN:9,(anonymous_0)
FN:24,(anonymous_1)
FN:34,(anonymous_2)
FN:39,(anonymous_3)
FN:49,(anonymous_4)
FN:61,(anonymous_5)
FN:83,(anonymous_6)
FN:113,(anonymous_7)
FN:119,(anonymous_8)
FN:136,(anonymous_9)
FN:158,(anonymous_10)
FN:171,(anonymous_11)
FNF:12
FNH:12
FNDA:348,(anonymous_0)
FNDA:6,(anonymous_1)
FNDA:6,(anonymous_2)
FNDA:2,(anonymous_3)
FNDA:1,(anonymous_4)
FNDA:44,(anonymous_5)
FNDA:164,(anonymous_6)
FNDA:10,(anonymous_7)
FNDA:15,(anonymous_8)
FNDA:7,(anonymous_9)
FNDA:5,(anonymous_10)
FNDA:6,(anonymous_11)
DA:1,7
DA:3,7
DA:4,7
DA:5,7
DA:6,7
DA:10,348
DA:11,348
DA:12,348
DA:13,348
DA:26,6
DA:28,6
DA:34,6
DA:35,6
DA:41,2
DA:43,2
DA:49,2
DA:50,1
DA:62,44
DA:67,44
DA:68,44
DA:69,27
DA:85,164
DA:88,164
DA:89,164
DA:92,164
DA:93,164
DA:96,164
DA:101,164
DA:102,164
DA:114,10
DA:115,10
DA:116,10
DA:120,15
DA:122,15
DA:124,5
DA:125,3
DA:126,2
DA:127,1
DA:129,1
DA:132,5
DA:137,7
DA:142,7
DA:143,7
DA:144,5
DA:145,5
DA:146,5
DA:147,3
DA:153,4
DA:159,5
DA:164,5
DA:165,5
DA:167,0
DA:172,6
DA:177,6
DA:178,6
DA:180,0
DA:185,7
LF:57
LH:55
BRDA:13,0,0,339
BRDA:13,0,1,9
BRDA:68,1,0,27
BRDA:68,1,1,17
BRDA:83,2,0,11
BRDA:88,3,0,162
BRDA:88,3,1,2
BRDA:89,4,0,162
BRDA:89,4,1,2
BRDA:93,5,0,162
BRDA:93,5,1,2
BRDA:122,6,0,5
BRDA:122,6,1,10
BRDA:124,7,0,3
BRDA:124,7,1,2
BRDA:124,8,0,5
BRDA:124,8,1,4
BRDA:126,9,0,1
BRDA:126,9,1,1
BRDA:143,10,0,5
BRDA:143,10,1,2
BRDA:146,11,0,3
BRDA:146,11,1,2
BRDA:164,12,0,5
BRDA:164,12,1,0
BRDA:177,13,0,6
BRDA:177,13,1,0
BRF:27
BRH:25
end_of_record
TN:
SF:models/UserClub.js
FN:5,(anonymous_0)
FN:12,(anonymous_1)
FN:19,(anonymous_2)
FN:24,(anonymous_3)
FN:36,(anonymous_4)
FN:50,(anonymous_5)
FNF:6
FNH:6
FNDA:314,(anonymous_0)
FNDA:4,(anonymous_1)
FNDA:4,(anonymous_2)
FNDA:14,(anonymous_3)
FNDA:153,(anonymous_4)
FNDA:3,(anonymous_5)
DA:1,7
DA:2,7
DA:6,314
DA:7,314
DA:13,4
DA:14,4
DA:19,4
DA:20,4
DA:25,14
DA:30,14
DA:31,14
DA:32,8
DA:37,153
DA:42,153
DA:43,153
DA:44,153
DA:51,3
DA:56,3
DA:57,3
DA:58,2
DA:60,1
DA:66,7
LF:22
LH:22
BRDA:31,0,0,8
BRDA:31,0,1,6
BRDA:43,1,0,153
BRDA:43,1,1,0
BRDA:57,2,0,2
BRDA:57,2,1,1
BRF:6
BRH:5
end_of_record
TN:
SF:models/Vote.js
FN:5,(anonymous_0)
FN:13,(anonymous_1)
FN:20,(anonymous_2)
FN:25,(anonymous_3)
FN:37,(anonymous_4)
FN:49,(anonymous_5)
FN:64,(anonymous_6)
FNF:7
FNH:0
FNDA:0,(anonymous_0)
FNDA:0,(anonymous_1)
FNDA:0,(anonymous_2)
FNDA:0,(anonymous_3)
FNDA:0,(anonymous_4)
FNDA:0,(anonymous_5)
FNDA:0,(anonymous_6)
DA:1,2
DA:2,2
DA:6,0
DA:7,0
DA:8,0
DA:14,0
DA:15,0
DA:20,0
DA:21,0
DA:26,0
DA:31,0
DA:32,0
DA:33,0
DA:38,0
DA:43,0
DA:44,0
DA:50,0
DA:56,0
DA:57,0
DA:58,0
DA:60,0
DA:65,0
DA:70,0
DA:71,0
DA:73,0
DA:78,2
LF:26
LH:3
BRDA:32,0,0,0
BRDA:32,0,1,0
BRDA:56,1,0,0
BRDA:56,1,1,0
BRDA:57,2,0,0
BRDA:57,2,1,0
BRDA:70,3,0,0
BRDA:70,3,1,0
BRF:8
BRH:0
end_of_record
TN:
SF:routes/clubs.js
FN:19,(anonymous_0)
FN:40,(anonymous_1)
FN:56,(anonymous_2)
FN:77,(anonymous_3)
FN:116,(anonymous_4)
FN:146,(anonymous_5)
FNF:6
FNH:6
FNDA:5,(anonymous_0)
FNDA:3,(anonymous_1)
FNDA:6,(anonymous_2)
FNDA:7,(anonymous_3)
FNDA:6,(anonymous_4)
FNDA:4,(anonymous_5)
DA:1,2
DA:3,2
DA:4,2
DA:5,2
DA:6,2
DA:7,2
DA:8,2
DA:9,2
DA:10,2
DA:11,2
DA:12,2
DA:13,2
DA:14,2
DA:15,2
DA:17,2
DA:19,2
DA:20,5
DA:22,5
DA:23,3
DA:24,2
DA:25,1
DA:26,0
DA:31,5
DA:33,4
DA:34,4
DA:36,1
DA:40,2
DA:41,3
DA:42,3
DA:43,3
DA:44,1
DA:46,2
DA:47,2
DA:48,1
DA:50,1
DA:52,2
DA:56,2
DA:57,6
DA:58,6
DA:60,3
DA:63,3
DA:64,3
DA:65,1
DA:68,2
DA:69,2
DA:71,2
DA:73,4
DA:77,2
DA:78,7
DA:80,7
DA:81,7
DA:82,1
DA:84,6
DA:85,6
DA:86,1
DA:90,5
DA:91,5
DA:93,4
DA:96,4
DA:97,4
DA:98,1
DA:102,3
DA:103,3
DA:104,1
DA:105,1
DA:109,3
DA:110,3
DA:112,4
DA:116,2
DA:117,6
DA:118,6
DA:119,6
DA:120,1
DA:123,5
DA:125,5
DA:126,1
DA:130,4
DA:133,2
DA:134,6
DA:138,2
DA:140,2
DA:142,4
DA:146,2
DA:147,4
DA:148,4
DA:149,4
DA:150,1
DA:153,3
DA:155,3
DA:156,1
DA:159,2
DA:161,2
DA:163,2
DA:167,2
LF:94
LH:93
BRDA:22,0,0,3
BRDA:22,0,1,2
BRDA:23,1,0,2
BRDA:23,1,1,1
BRDA:25,2,0,0
BRDA:25,2,1,1
BRDA:43,3,0,1
BRDA:43,3,1,2
BRDA:47,4,0,1
BRDA:47,4,1,1
BRDA:64,5,0,1
BRDA:64,5,1,2
BRDA:81,6,0,1
BRDA:81,6,1,6
BRDA:85,7,0,1
BRDA:85,7,1,5
BRDA:97,8,0,1
BRDA:97,8,1,3
BRDA:103,9,0,1
BRDA:103,9,1,2
BRDA:119,10,0,1
BRDA:119,10,1,5
BRDA:125,11,0,1
BRDA:125,11,1,4
BRDA:149,12,0,1
BRDA:149,12,1,3
BRDA:155,13,0,1
BRDA:155,13,1,2
BRF:28
BRH:27
end_of_record
TN:
SF:routes/posts.js
FN:15,(anonymous_0)
FN:25,(anonymous_1)
FN:42,(anonymous_2)
FN:80,(anonymous_3)
FN:102,(anonymous_4)
FNF:5
FNH:0
FNDA:0,(anonymous_0)
FNDA:0,(anonymous_1)
FNDA:0,(anonymous_2)
FNDA:0,(anonymous_3)
FNDA:0,(anonymous_4)
DA:1,2
DA:3,2
DA:4,2
DA:5,2
DA:6,2
DA:7,2
DA:8,2
DA:9,2
DA:11,2
DA:15,2
DA:16,0
DA:17,0
DA:18,0
DA:19,0
DA:21,0
DA:25,2
DA:26,0
DA:27,0
DA:28,0
DA:29,0
DA:31,0
DA:32,0
DA:33,0
DA:35,0
DA:37,0
DA:42,2
DA:43,0
DA:45,0
DA:46,0
DA:47,0
DA:49,0
DA:50,0
DA:51,0
DA:55,0
DA:57,0
DA:58,0
DA:59,0
DA:60,0
DA:62,0
DA:66,0
DA:67,0
DA:68,0
DA:72,0
DA:74,0
DA:76,0
DA:80,2
DA:81,0
DA:82,0
DA:83,0
DA:84,0
DA:86,0
DA:87,0
DA:88,0
DA:91,0
DA:93,0
DA:94,0
DA:95,0
DA:96,0
DA:98,0
DA:102,2
DA:103,0
DA:104,0
DA:105,0
DA:106,0
DA:108,0
DA:109,0
DA:110,0
DA:113,0
DA:114,0
DA:116,0
DA:120,2
LF:71
LH:15
BRDA:28,0,0,0
BRDA:28,0,1,0
BRDA:32,1,0,0
BRDA:32,1,1,0
BRDA:46,2,0,0
BRDA:46,2,1,0
BRDA:50,3,0,0
BRDA:50,3,1,0
BRDA:57,4,0,0
BRDA:57,4,1,0
BRDA:59,5,0,0
BRDA:59,5,1,0
BRDA:67,6,0,0
BRDA:67,6,1,0
BRDA:83,7,0,0
BRDA:83,7,1,0
BRDA:87,8,0,0
BRDA:87,8,1,0
BRDA:93,9,0,0
BRDA:93,9,1,0
BRDA:94,10,0,0
BRDA:94,10,1,0
BRDA:105,11,0,0
BRDA:105,11,1,0
BRDA:109,12,0,0
BRDA:109,12,1,0
BRF:26
BRH:0
end_of_record
TN:
SF:routes/users.js
FN:14,(anonymous_0)
FN:23,(anonymous_1)
FN:35,(anonymous_2)
FN:58,(anonymous_3)
FN:79,(anonymous_4)
FN:104,(anonymous_5)
FN:120,(anonymous_6)
FN:142,(anonymous_7)
FNF:8
FNH:8
FNDA:3,(anonymous_0)
FNDA:3,(anonymous_1)
FNDA:13,(anonymous_2)
FNDA:4,(anonymous_3)
FNDA:7,(anonymous_4)
FNDA:5,(anonymous_5)
FNDA:5,(anonymous_6)
FNDA:3,(anonymous_7)
DA:1,2
DA:3,2
DA:4,2
DA:5,2
DA:6,2
DA:7,2
DA:8,2
DA:9,2
DA:10,2
DA:12,2
DA:14,2
DA:15,3
DA:16,3
DA:17,3
DA:19,0
DA:23,2
DA:24,3
DA:25,3
DA:26,3
DA:27,1
DA:29,2
DA:31,1
DA:35,2
DA:36,13
DA:37,13
DA:39,8
DA:42,8
DA:43,8
DA:45,1
DA:49,7
DA:51,7
DA:52,7
DA:54,6
DA:58,2
DA:59,4
DA:60,4
DA:64,4
DA:65,4
DA:66,2
DA:67,2
DA:69,2
DA:72,2
DA:73,2
DA:75,2
DA:79,2
DA:80,7
DA:82,7
DA:84,3
DA:87,3
DA:88,3
DA:90,1
DA:93,2
DA:94,2
DA:96,5
DA:104,2
DA:105,5
DA:107,5
DA:108,5
DA:109,1
DA:111,4
DA:113,4
DA:114,3
DA:116,2
DA:120,2
DA:121,5
DA:122,5
DA:124,5
DA:125,1
DA:129,4
DA:132,2
DA:133,2
DA:135,2
DA:136,2
DA:138,3
DA:142,2
DA:143,3
DA:144,3
DA:145,3
DA:146,1
DA:148,2
DA:149,2
DA:151,1
DA:155,2
LF:83
LH:82
BRDA:26,0,0,1
BRDA:26,0,1,2
BRDA:84,1,0,1
BRDA:108,2,0,1
BRDA:108,2,1,4
BRDA:124,3,0,1
BRDA:124,3,1,4
BRDA:132,4,0,2
BRDA:132,4,1,0
BRDA:133,5,0,2
BRDA:133,5,1,0
BRDA:145,6,0,1
BRDA:145,6,1,2
BRF:13
BRH:11
end_of_record
TN:
SF:services/DiscogsService.js
FN:19,(anonymous_0)
FN:27,(anonymous_1)
FN:31,(anonymous_2)
FNF:3
FNH:0
FNDA:0,(anonymous_0)
FNDA:0,(anonymous_1)
FNDA:0,(anonymous_2)
DA:1,2
DA:2,2
DA:3,2
DA:4,2
DA:6,2
DA:13,2
DA:20,0
DA:22,0
DA:25,0
DA:26,0
DA:27,0
DA:28,0
DA:31,0
DA:32,0
DA:35,0
DA:37,0
DA:40,0
DA:41,0
DA:43,0
DA:48,2
LF:20
LH:7
BRF:0
BRH:0
end_of_record
TN:
SF:services/MembershipService.js
FN:8,(anonymous_0)
FN:34,(anonymous_1)
FN:44,(anonymous_2)
FN:51,(anonymous_3)
FN:55,(anonymous_4)
FNF:5
FNH:3
FNDA:4,(anonymous_0)
FNDA:8,(anonymous_1)
FNDA:2,(anonymous_2)
FNDA:0,(anonymous_3)
FNDA:0,(anonymous_4)
DA:1,7
DA:2,7
DA:3,7
DA:4,7
DA:10,4
DA:11,4
DA:12,0
DA:14,4
DA:15,4
DA:16,0
DA:20,4
DA:21,4
DA:22,1
DA:26,3
DA:27,3
DA:28,3
DA:30,0
DA:35,8
DA:36,8
DA:45,2
DA:47,2
DA:48,2
DA:52,0
DA:53,0
DA:54,0
DA:55,0
DA:56,0
DA:58,0
DA:62,7
LF:29
LH:20
BRDA:11,0,0,0
BRDA:11,0,1,4
BRDA:15,1,0,0
BRDA:15,1,1,4
BRDA:21,2,0,1
BRDA:21,2,1,3
BRDA:27,3,0,3
BRDA:27,3,1,0
BRDA:54,4,0,0
BRDA:54,4,1,0
BRF:10
BRH:5
end_of_record
TN:
SF:services/VoteService.js
FN:4,(anonymous_0)
FNF:1
FNH:0
FNDA:0,(anonymous_0)
DA:1,2
DA:6,0
DA:7,0
DA:9,0
DA:10,0
DA:12,0
DA:13,0
DA:14,0
DA:18,2
LF:9
LH:2
BRDA:7,0,0,0
BRDA:7,0,1,0
BRDA:13,1,0,0
BRDA:13,1,1,0
BRF:4
BRH:0
end_of_record
TN:
SF:tests/setup.js
FN:13,seedDb
FN:75,createTestObjects
FN:94,clearDb
FNF:3
FNH:3
FNDA:74,seedDb
FNDA:73,createTestObjects
FNDA:147,clearDb
DA:1,7
DA:2,7
DA:3,7
DA:4,7
DA:5,7
DA:6,7
DA:7,7
DA:10,7
DA:11,7
DA:14,74
DA:19,74
DA:20,74
DA:21,74
DA:22,74
DA:24,74
DA:29,74
DA:30,74
DA:31,74
DA:32,74
DA:35,74
DA:40,74
DA:41,74
DA:42,74
DA:43,74
DA:45,74
DA:49,74
DA:50,74
DA:52,74
DA:57,74
DA:58,74
DA:59,74
DA:60,74
DA:62,74
DA:76,73
DA:77,73
DA:78,73
DA:79,73
DA:80,73
DA:81,73
DA:82,73
DA:83,73
DA:95,147
DA:96,147
DA:97,147
DA:98,147
DA:101,7
LF:46
LH:46
BRF:0
BRH:0
end_of_record
